{"/Users/xavimajoral/Code/scopely/frontend/playwright.config.ts": {"path":"/Users/xavimajoral/Code/scopely/frontend/playwright.config.ts","all":true,"statementMap":{"0":{"start":{"line":1,"column":0},"end":{"line":1,"column":57}},"13":{"start":{"line":14,"column":0},"end":{"line":14,"column":29}},"14":{"start":{"line":15,"column":0},"end":{"line":15,"column":19}},"16":{"start":{"line":17,"column":0},"end":{"line":17,"column":22}},"18":{"start":{"line":19,"column":0},"end":{"line":19,"column":31}},"20":{"start":{"line":21,"column":0},"end":{"line":21,"column":34}},"22":{"start":{"line":23,"column":0},"end":{"line":23,"column":42}},"24":{"start":{"line":25,"column":0},"end":{"line":25,"column":19}},"26":{"start":{"line":27,"column":0},"end":{"line":27,"column":8}},"28":{"start":{"line":29,"column":0},"end":{"line":29,"column":37}},"30":{"start":{"line":31,"column":0},"end":{"line":31,"column":28}},"32":{"start":{"line":33,"column":0},"end":{"line":33,"column":34}},"33":{"start":{"line":34,"column":0},"end":{"line":34,"column":4}},"36":{"start":{"line":37,"column":0},"end":{"line":37,"column":13}},"37":{"start":{"line":38,"column":0},"end":{"line":38,"column":5}},"38":{"start":{"line":39,"column":0},"end":{"line":39,"column":23}},"39":{"start":{"line":40,"column":0},"end":{"line":40,"column":44}},"40":{"start":{"line":41,"column":0},"end":{"line":41,"column":6}},"42":{"start":{"line":43,"column":0},"end":{"line":43,"column":5}},"43":{"start":{"line":44,"column":0},"end":{"line":44,"column":22}},"44":{"start":{"line":45,"column":0},"end":{"line":45,"column":45}},"45":{"start":{"line":46,"column":0},"end":{"line":46,"column":6}},"47":{"start":{"line":48,"column":0},"end":{"line":48,"column":5}},"48":{"start":{"line":49,"column":0},"end":{"line":49,"column":21}},"49":{"start":{"line":50,"column":0},"end":{"line":50,"column":44}},"50":{"start":{"line":51,"column":0},"end":{"line":51,"column":6}},"61":{"start":{"line":62,"column":0},"end":{"line":62,"column":4}},"64":{"start":{"line":65,"column":0},"end":{"line":65,"column":14}},"65":{"start":{"line":66,"column":0},"end":{"line":66,"column":24}},"66":{"start":{"line":67,"column":0},"end":{"line":67,"column":33}},"67":{"start":{"line":68,"column":0},"end":{"line":68,"column":41}},"68":{"start":{"line":69,"column":0},"end":{"line":69,"column":24}},"69":{"start":{"line":70,"column":0},"end":{"line":70,"column":4}},"70":{"start":{"line":71,"column":0},"end":{"line":71,"column":3}}},"s":{"0":0,"13":0,"14":0,"16":0,"18":0,"20":0,"22":0,"24":0,"26":0,"28":0,"30":0,"32":0,"33":0,"36":0,"37":0,"38":0,"39":0,"40":0,"42":0,"43":0,"44":0,"45":0,"47":0,"48":0,"49":0,"50":0,"61":0,"64":0,"65":0,"66":0,"67":0,"68":0,"69":0,"70":0},"branchMap":{"0":{"type":"branch","line":1,"loc":{"start":{"line":1,"column":1966},"end":{"line":71,"column":3}},"locations":[{"start":{"line":1,"column":1966},"end":{"line":71,"column":3}}]}},"b":{"0":[0]},"fnMap":{"0":{"name":"(empty-report)","decl":{"start":{"line":1,"column":1966},"end":{"line":71,"column":3}},"loc":{"start":{"line":1,"column":1966},"end":{"line":71,"column":3}},"line":1}},"f":{"0":0}}
,"/Users/xavimajoral/Code/scopely/frontend/e2e/helpers.ts": {"path":"/Users/xavimajoral/Code/scopely/frontend/e2e/helpers.ts","all":true,"statementMap":{"0":{"start":{"line":1,"column":0},"end":{"line":1,"column":48}},"5":{"start":{"line":6,"column":0},"end":{"line":6,"column":53}},"6":{"start":{"line":7,"column":0},"end":{"line":7,"column":45}},"7":{"start":{"line":8,"column":0},"end":{"line":8,"column":69}},"8":{"start":{"line":9,"column":0},"end":{"line":9,"column":1}},"13":{"start":{"line":14,"column":0},"end":{"line":14,"column":56}},"14":{"start":{"line":15,"column":0},"end":{"line":15,"column":34}},"15":{"start":{"line":16,"column":0},"end":{"line":16,"column":63}},"16":{"start":{"line":17,"column":0},"end":{"line":17,"column":60}},"17":{"start":{"line":18,"column":0},"end":{"line":18,"column":1}},"22":{"start":{"line":23,"column":0},"end":{"line":23,"column":54}},"23":{"start":{"line":24,"column":0},"end":{"line":24,"column":76}},"24":{"start":{"line":25,"column":0},"end":{"line":25,"column":32}},"25":{"start":{"line":26,"column":0},"end":{"line":26,"column":33}},"26":{"start":{"line":27,"column":0},"end":{"line":27,"column":1}},"32":{"start":{"line":33,"column":0},"end":{"line":33,"column":35}},"33":{"start":{"line":34,"column":0},"end":{"line":34,"column":13}},"34":{"start":{"line":35,"column":0},"end":{"line":35,"column":18}},"35":{"start":{"line":36,"column":0},"end":{"line":36,"column":21}},"36":{"start":{"line":37,"column":0},"end":{"line":37,"column":3}},"37":{"start":{"line":38,"column":0},"end":{"line":38,"column":33}},"39":{"start":{"line":40,"column":0},"end":{"line":40,"column":93}},"40":{"start":{"line":41,"column":0},"end":{"line":41,"column":108}},"42":{"start":{"line":43,"column":0},"end":{"line":43,"column":39}},"43":{"start":{"line":44,"column":0},"end":{"line":44,"column":37}},"44":{"start":{"line":45,"column":0},"end":{"line":45,"column":45}},"46":{"start":{"line":47,"column":0},"end":{"line":47,"column":78}},"47":{"start":{"line":48,"column":0},"end":{"line":48,"column":79}},"48":{"start":{"line":49,"column":0},"end":{"line":49,"column":33}},"49":{"start":{"line":50,"column":0},"end":{"line":50,"column":71}},"50":{"start":{"line":51,"column":0},"end":{"line":51,"column":5}},"51":{"start":{"line":52,"column":0},"end":{"line":52,"column":3}},"52":{"start":{"line":53,"column":0},"end":{"line":53,"column":1}},"57":{"start":{"line":58,"column":0},"end":{"line":58,"column":53}},"58":{"start":{"line":59,"column":0},"end":{"line":59,"column":32}},"59":{"start":{"line":60,"column":0},"end":{"line":60,"column":60}},"60":{"start":{"line":61,"column":0},"end":{"line":61,"column":42}},"62":{"start":{"line":63,"column":0},"end":{"line":63,"column":18}},"63":{"start":{"line":64,"column":0},"end":{"line":64,"column":38}},"64":{"start":{"line":65,"column":0},"end":{"line":65,"column":37}},"65":{"start":{"line":66,"column":0},"end":{"line":66,"column":16}},"66":{"start":{"line":67,"column":0},"end":{"line":67,"column":3}},"67":{"start":{"line":68,"column":0},"end":{"line":68,"column":15}},"68":{"start":{"line":69,"column":0},"end":{"line":69,"column":1}},"73":{"start":{"line":74,"column":0},"end":{"line":74,"column":62}},"74":{"start":{"line":75,"column":0},"end":{"line":75,"column":119}},"76":{"start":{"line":77,"column":0},"end":{"line":77,"column":40}},"77":{"start":{"line":78,"column":0},"end":{"line":78,"column":38}},"78":{"start":{"line":79,"column":0},"end":{"line":79,"column":67}},"79":{"start":{"line":80,"column":0},"end":{"line":80,"column":75}},"80":{"start":{"line":81,"column":0},"end":{"line":81,"column":31}},"81":{"start":{"line":82,"column":0},"end":{"line":82,"column":67}},"82":{"start":{"line":83,"column":0},"end":{"line":83,"column":5}},"83":{"start":{"line":84,"column":0},"end":{"line":84,"column":3}},"84":{"start":{"line":85,"column":0},"end":{"line":85,"column":1}}},"s":{"0":0,"5":0,"6":0,"7":0,"8":0,"13":0,"14":0,"15":0,"16":0,"17":0,"22":0,"23":0,"24":0,"25":0,"26":0,"32":0,"33":0,"34":0,"35":0,"36":0,"37":0,"39":0,"40":0,"42":0,"43":0,"44":0,"46":0,"47":0,"48":0,"49":0,"50":0,"51":0,"52":0,"57":0,"58":0,"59":0,"60":0,"62":0,"63":0,"64":0,"65":0,"66":0,"67":0,"68":0,"73":0,"74":0,"76":0,"77":0,"78":0,"79":0,"80":0,"81":0,"82":0,"83":0,"84":0},"branchMap":{"0":{"type":"branch","line":1,"loc":{"start":{"line":1,"column":0},"end":{"line":85,"column":-231}},"locations":[{"start":{"line":1,"column":0},"end":{"line":85,"column":-231}}]}},"b":{"0":[0]},"fnMap":{"0":{"name":"(empty-report)","decl":{"start":{"line":1,"column":0},"end":{"line":85,"column":-231}},"loc":{"start":{"line":1,"column":0},"end":{"line":85,"column":-231}},"line":1}},"f":{"0":0}}
,"/Users/xavimajoral/Code/scopely/frontend/playwright-report/trace/index.BxQ34UMZ.js": {"path":"/Users/xavimajoral/Code/scopely/frontend/playwright-report/trace/index.BxQ34UMZ.js","all":true,"statementMap":{"0":{"start":{"line":1,"column":0},"end":{"line":1,"column":5715}},"1":{"start":{"line":2,"column":0},"end":{"line":2,"column":443}}},"s":{"0":0,"1":0},"branchMap":{"0":{"type":"branch","line":1,"loc":{"start":{"line":1,"column":0},"end":{"line":2,"column":-840}},"locations":[{"start":{"line":1,"column":0},"end":{"line":2,"column":-840}}]}},"b":{"0":[0]},"fnMap":{"0":{"name":"(empty-report)","decl":{"start":{"line":1,"column":0},"end":{"line":2,"column":-840}},"loc":{"start":{"line":1,"column":0},"end":{"line":2,"column":-840}},"line":1}},"f":{"0":0}}
,"/Users/xavimajoral/Code/scopely/frontend/playwright-report/trace/sw.bundle.js": {"path":"/Users/xavimajoral/Code/scopely/frontend/playwright-report/trace/sw.bundle.js","all":true,"statementMap":{"0":{"start":{"line":1,"column":0},"end":{"line":1,"column":12501}},"1":{"start":{"line":2,"column":0},"end":{"line":2,"column":2847}},"2":{"start":{"line":3,"column":0},"end":{"line":3,"column":79619}}},"s":{"0":0,"1":0,"2":0},"branchMap":{"0":{"type":"branch","line":1,"loc":{"start":{"line":1,"column":94969},"end":{"line":3,"column":79619}},"locations":[{"start":{"line":1,"column":94969},"end":{"line":3,"column":79619}}]}},"b":{"0":[0]},"fnMap":{"0":{"name":"(empty-report)","decl":{"start":{"line":1,"column":94969},"end":{"line":3,"column":79619}},"loc":{"start":{"line":1,"column":94969},"end":{"line":3,"column":79619}},"line":1}},"f":{"0":0}}
,"/Users/xavimajoral/Code/scopely/frontend/playwright-report/trace/uiMode.BWTwXl41.js": {"path":"/Users/xavimajoral/Code/scopely/frontend/playwright-report/trace/uiMode.BWTwXl41.js","all":true,"statementMap":{"0":{"start":{"line":1,"column":0},"end":{"line":1,"column":141}},"1":{"start":{"line":2,"column":0},"end":{"line":2,"column":18531}},"2":{"start":{"line":3,"column":0},"end":{"line":3,"column":8336}},"3":{"start":{"line":4,"column":0},"end":{"line":4,"column":8816}},"4":{"start":{"line":5,"column":0},"end":{"line":5,"column":353}}},"s":{"0":0,"1":0,"2":0,"3":0,"4":0},"branchMap":{"0":{"type":"branch","line":1,"loc":{"start":{"line":1,"column":0},"end":{"line":5,"column":-3033}},"locations":[{"start":{"line":1,"column":0},"end":{"line":5,"column":-3033}}]}},"b":{"0":[0]},"fnMap":{"0":{"name":"(empty-report)","decl":{"start":{"line":1,"column":0},"end":{"line":5,"column":-3033}},"loc":{"start":{"line":1,"column":0},"end":{"line":5,"column":-3033}},"line":1}},"f":{"0":0}}
,"/Users/xavimajoral/Code/scopely/frontend/playwright-report/trace/assets/codeMirrorModule-Bucv2d7q.js": {"path":"/Users/xavimajoral/Code/scopely/frontend/playwright-report/trace/assets/codeMirrorModule-Bucv2d7q.js","all":true,"statementMap":{"0":{"start":{"line":1,"column":0},"end":{"line":1,"column":11970}},"2":{"start":{"line":3,"column":0},"end":{"line":3,"column":89}},"3":{"start":{"line":4,"column":0},"end":{"line":4,"column":18714}},"4":{"start":{"line":5,"column":0},"end":{"line":5,"column":22555}},"5":{"start":{"line":6,"column":0},"end":{"line":6,"column":67}},"6":{"start":{"line":7,"column":0},"end":{"line":7,"column":4401}},"7":{"start":{"line":8,"column":0},"end":{"line":8,"column":71}},"8":{"start":{"line":9,"column":0},"end":{"line":9,"column":74}},"9":{"start":{"line":10,"column":0},"end":{"line":10,"column":52947}},"10":{"start":{"line":11,"column":0},"end":{"line":11,"column":13991}},"11":{"start":{"line":12,"column":0},"end":{"line":12,"column":18038}},"12":{"start":{"line":13,"column":0},"end":{"line":13,"column":473}},"13":{"start":{"line":14,"column":0},"end":{"line":14,"column":12}},"14":{"start":{"line":15,"column":0},"end":{"line":15,"column":11373}},"15":{"start":{"line":16,"column":0},"end":{"line":16,"column":23}},"16":{"start":{"line":17,"column":0},"end":{"line":17,"column":1976}},"17":{"start":{"line":18,"column":0},"end":{"line":18,"column":224}},"18":{"start":{"line":19,"column":0},"end":{"line":19,"column":9731}},"19":{"start":{"line":20,"column":0},"end":{"line":20,"column":3470}},"20":{"start":{"line":21,"column":0},"end":{"line":21,"column":850}},"21":{"start":{"line":22,"column":0},"end":{"line":22,"column":71}},"22":{"start":{"line":23,"column":0},"end":{"line":23,"column":82}},"23":{"start":{"line":24,"column":0},"end":{"line":24,"column":124775}},"24":{"start":{"line":25,"column":0},"end":{"line":25,"column":2217}}},"s":{"0":0,"2":0,"3":0,"4":0,"5":0,"6":0,"7":0,"8":0,"9":0,"10":0,"11":0,"12":0,"13":0,"14":0,"15":0,"16":0,"17":0,"18":0,"19":0,"20":0,"21":0,"22":0,"23":0,"24":0},"branchMap":{"0":{"type":"branch","line":1,"loc":{"start":{"line":1,"column":0},"end":{"line":25,"column":2104}},"locations":[{"start":{"line":1,"column":0},"end":{"line":25,"column":2104}}]}},"b":{"0":[0]},"fnMap":{"0":{"name":"(empty-report)","decl":{"start":{"line":1,"column":0},"end":{"line":25,"column":2104}},"loc":{"start":{"line":1,"column":0},"end":{"line":25,"column":2104}},"line":1}},"f":{"0":0}}
,"/Users/xavimajoral/Code/scopely/frontend/playwright-report/trace/assets/defaultSettingsView-BEpdCv1S.js": {"path":"/Users/xavimajoral/Code/scopely/frontend/playwright-report/trace/assets/defaultSettingsView-BEpdCv1S.js","all":true,"statementMap":{"0":{"start":{"line":1,"column":0},"end":{"line":1,"column":145}},"1":{"start":{"line":2,"column":0},"end":{"line":2,"column":1009}},"2":{"start":{"line":3,"column":0},"end":{"line":3,"column":17}},"3":{"start":{"line":4,"column":0},"end":{"line":4,"column":34}},"4":{"start":{"line":5,"column":0},"end":{"line":5,"column":2}},"5":{"start":{"line":6,"column":0},"end":{"line":6,"column":53}},"6":{"start":{"line":7,"column":0},"end":{"line":7,"column":2}},"7":{"start":{"line":8,"column":0},"end":{"line":8,"column":66}},"8":{"start":{"line":9,"column":0},"end":{"line":9,"column":58}},"9":{"start":{"line":10,"column":0},"end":{"line":10,"column":484}},"10":{"start":{"line":11,"column":0},"end":{"line":11,"column":17}},"11":{"start":{"line":12,"column":0},"end":{"line":12,"column":22}},"12":{"start":{"line":13,"column":0},"end":{"line":13,"column":2}},"13":{"start":{"line":14,"column":0},"end":{"line":14,"column":53}},"14":{"start":{"line":15,"column":0},"end":{"line":15,"column":2}},"15":{"start":{"line":16,"column":0},"end":{"line":16,"column":66}},"16":{"start":{"line":17,"column":0},"end":{"line":17,"column":58}},"17":{"start":{"line":18,"column":0},"end":{"line":18,"column":11943}},"18":{"start":{"line":19,"column":0},"end":{"line":19,"column":17}},"19":{"start":{"line":20,"column":0},"end":{"line":20,"column":26}},"20":{"start":{"line":21,"column":0},"end":{"line":21,"column":2}},"21":{"start":{"line":22,"column":0},"end":{"line":22,"column":53}},"22":{"start":{"line":23,"column":0},"end":{"line":23,"column":2}},"23":{"start":{"line":24,"column":0},"end":{"line":24,"column":66}},"24":{"start":{"line":25,"column":0},"end":{"line":25,"column":58}},"25":{"start":{"line":26,"column":0},"end":{"line":26,"column":3705}},"26":{"start":{"line":27,"column":0},"end":{"line":27,"column":17}},"27":{"start":{"line":28,"column":0},"end":{"line":28,"column":26}},"28":{"start":{"line":29,"column":0},"end":{"line":29,"column":2}},"29":{"start":{"line":30,"column":0},"end":{"line":30,"column":53}},"30":{"start":{"line":31,"column":0},"end":{"line":31,"column":2}},"31":{"start":{"line":32,"column":0},"end":{"line":32,"column":66}},"32":{"start":{"line":33,"column":0},"end":{"line":33,"column":58}},"33":{"start":{"line":34,"column":0},"end":{"line":34,"column":3609}},"34":{"start":{"line":35,"column":0},"end":{"line":35,"column":17}},"35":{"start":{"line":36,"column":0},"end":{"line":36,"column":33}},"36":{"start":{"line":37,"column":0},"end":{"line":37,"column":2}},"37":{"start":{"line":38,"column":0},"end":{"line":38,"column":53}},"38":{"start":{"line":39,"column":0},"end":{"line":39,"column":2}},"39":{"start":{"line":40,"column":0},"end":{"line":40,"column":66}},"40":{"start":{"line":41,"column":0},"end":{"line":41,"column":58}},"41":{"start":{"line":42,"column":0},"end":{"line":42,"column":10192}},"42":{"start":{"line":43,"column":0},"end":{"line":43,"column":75}},"43":{"start":{"line":44,"column":0},"end":{"line":44,"column":985}},"44":{"start":{"line":45,"column":0},"end":{"line":45,"column":14}},"45":{"start":{"line":46,"column":0},"end":{"line":46,"column":328}},"46":{"start":{"line":47,"column":0},"end":{"line":47,"column":633}},"47":{"start":{"line":48,"column":0},"end":{"line":48,"column":37}},"48":{"start":{"line":49,"column":0},"end":{"line":49,"column":123229}},"49":{"start":{"line":50,"column":0},"end":{"line":50,"column":54309}},"50":{"start":{"line":51,"column":0},"end":{"line":51,"column":15220}},"51":{"start":{"line":52,"column":0},"end":{"line":52,"column":45752}},"52":{"start":{"line":53,"column":0},"end":{"line":53,"column":76}},"53":{"start":{"line":54,"column":0},"end":{"line":54,"column":75}},"54":{"start":{"line":55,"column":0},"end":{"line":55,"column":204}},"55":{"start":{"line":56,"column":0},"end":{"line":56,"column":47}},"56":{"start":{"line":57,"column":0},"end":{"line":57,"column":44}},"57":{"start":{"line":58,"column":0},"end":{"line":58,"column":47}},"58":{"start":{"line":59,"column":0},"end":{"line":59,"column":11918}},"59":{"start":{"line":60,"column":0},"end":{"line":60,"column":2583}},"60":{"start":{"line":61,"column":0},"end":{"line":61,"column":14}},"62":{"start":{"line":63,"column":0},"end":{"line":63,"column":35}},"63":{"start":{"line":64,"column":0},"end":{"line":64,"column":61}},"64":{"start":{"line":65,"column":0},"end":{"line":65,"column":54}},"65":{"start":{"line":66,"column":0},"end":{"line":66,"column":182}},"66":{"start":{"line":67,"column":0},"end":{"line":67,"column":167}},"67":{"start":{"line":68,"column":0},"end":{"line":68,"column":441}},"68":{"start":{"line":69,"column":0},"end":{"line":69,"column":5113}},"69":{"start":{"line":70,"column":0},"end":{"line":70,"column":675}},"70":{"start":{"line":71,"column":0},"end":{"line":71,"column":283}},"71":{"start":{"line":72,"column":0},"end":{"line":72,"column":6791}},"73":{"start":{"line":74,"column":0},"end":{"line":74,"column":771}},"74":{"start":{"line":75,"column":0},"end":{"line":75,"column":8}},"75":{"start":{"line":76,"column":0},"end":{"line":76,"column":2111}},"76":{"start":{"line":77,"column":0},"end":{"line":77,"column":60}},"77":{"start":{"line":78,"column":0},"end":{"line":78,"column":3}},"78":{"start":{"line":79,"column":0},"end":{"line":79,"column":101}},"79":{"start":{"line":80,"column":0},"end":{"line":80,"column":169}},"80":{"start":{"line":81,"column":0},"end":{"line":81,"column":3}},"81":{"start":{"line":82,"column":0},"end":{"line":82,"column":89}},"82":{"start":{"line":83,"column":0},"end":{"line":83,"column":588}},"83":{"start":{"line":84,"column":0},"end":{"line":84,"column":36}},"84":{"start":{"line":85,"column":0},"end":{"line":85,"column":3}},"85":{"start":{"line":86,"column":0},"end":{"line":86,"column":68}},"86":{"start":{"line":87,"column":0},"end":{"line":87,"column":33}},"87":{"start":{"line":88,"column":0},"end":{"line":88,"column":288}},"88":{"start":{"line":89,"column":0},"end":{"line":89,"column":60}},"89":{"start":{"line":90,"column":0},"end":{"line":90,"column":3}},"90":{"start":{"line":91,"column":0},"end":{"line":91,"column":101}},"91":{"start":{"line":92,"column":0},"end":{"line":92,"column":126}},"92":{"start":{"line":93,"column":0},"end":{"line":93,"column":3}},"93":{"start":{"line":94,"column":0},"end":{"line":94,"column":538}},"94":{"start":{"line":95,"column":0},"end":{"line":95,"column":15}},"95":{"start":{"line":96,"column":0},"end":{"line":96,"column":438}},"96":{"start":{"line":97,"column":0},"end":{"line":97,"column":60}},"97":{"start":{"line":98,"column":0},"end":{"line":98,"column":3}},"98":{"start":{"line":99,"column":0},"end":{"line":99,"column":111}},"99":{"start":{"line":100,"column":0},"end":{"line":100,"column":146}},"100":{"start":{"line":101,"column":0},"end":{"line":101,"column":3}},"101":{"start":{"line":102,"column":0},"end":{"line":102,"column":595}},"102":{"start":{"line":103,"column":0},"end":{"line":103,"column":13}},"103":{"start":{"line":104,"column":0},"end":{"line":104,"column":6}},"104":{"start":{"line":105,"column":0},"end":{"line":105,"column":3153}},"105":{"start":{"line":106,"column":0},"end":{"line":106,"column":177}},"106":{"start":{"line":107,"column":0},"end":{"line":107,"column":637}},"107":{"start":{"line":108,"column":0},"end":{"line":108,"column":12566}},"109":{"start":{"line":110,"column":0},"end":{"line":110,"column":11}},"110":{"start":{"line":111,"column":0},"end":{"line":111,"column":22}},"111":{"start":{"line":112,"column":0},"end":{"line":112,"column":11479}},"112":{"start":{"line":113,"column":0},"end":{"line":113,"column":12491}},"113":{"start":{"line":114,"column":0},"end":{"line":114,"column":8845}},"114":{"start":{"line":115,"column":0},"end":{"line":115,"column":48243}},"115":{"start":{"line":116,"column":0},"end":{"line":116,"column":12470}},"116":{"start":{"line":117,"column":0},"end":{"line":117,"column":12}},"117":{"start":{"line":118,"column":0},"end":{"line":118,"column":24}},"118":{"start":{"line":119,"column":0},"end":{"line":119,"column":10}},"119":{"start":{"line":120,"column":0},"end":{"line":120,"column":38}},"120":{"start":{"line":121,"column":0},"end":{"line":121,"column":12137}},"121":{"start":{"line":122,"column":0},"end":{"line":122,"column":101}},"122":{"start":{"line":123,"column":0},"end":{"line":123,"column":137}},"123":{"start":{"line":124,"column":0},"end":{"line":124,"column":43773}},"124":{"start":{"line":125,"column":0},"end":{"line":125,"column":107}},"125":{"start":{"line":126,"column":0},"end":{"line":126,"column":98}},"126":{"start":{"line":127,"column":0},"end":{"line":127,"column":11896}},"127":{"start":{"line":128,"column":0},"end":{"line":128,"column":10422}},"128":{"start":{"line":129,"column":0},"end":{"line":129,"column":7332}},"129":{"start":{"line":130,"column":0},"end":{"line":130,"column":23}},"130":{"start":{"line":131,"column":0},"end":{"line":131,"column":4}},"131":{"start":{"line":132,"column":0},"end":{"line":132,"column":571}},"132":{"start":{"line":133,"column":0},"end":{"line":133,"column":89}},"133":{"start":{"line":134,"column":0},"end":{"line":134,"column":44}},"134":{"start":{"line":135,"column":0},"end":{"line":135,"column":333}},"135":{"start":{"line":136,"column":0},"end":{"line":136,"column":57}},"136":{"start":{"line":137,"column":0},"end":{"line":137,"column":145}},"137":{"start":{"line":138,"column":0},"end":{"line":138,"column":316}},"138":{"start":{"line":139,"column":0},"end":{"line":139,"column":802}},"140":{"start":{"line":141,"column":0},"end":{"line":141,"column":49}},"141":{"start":{"line":142,"column":0},"end":{"line":142,"column":191}},"142":{"start":{"line":143,"column":0},"end":{"line":143,"column":124}},"143":{"start":{"line":144,"column":0},"end":{"line":144,"column":249}},"144":{"start":{"line":145,"column":0},"end":{"line":145,"column":2}},"145":{"start":{"line":146,"column":0},"end":{"line":146,"column":4}},"146":{"start":{"line":147,"column":0},"end":{"line":147,"column":366}},"147":{"start":{"line":148,"column":0},"end":{"line":148,"column":4}},"148":{"start":{"line":149,"column":0},"end":{"line":149,"column":57}},"149":{"start":{"line":150,"column":0},"end":{"line":150,"column":66}},"150":{"start":{"line":151,"column":0},"end":{"line":151,"column":102}},"151":{"start":{"line":152,"column":0},"end":{"line":152,"column":129}},"152":{"start":{"line":153,"column":0},"end":{"line":153,"column":239}},"153":{"start":{"line":154,"column":0},"end":{"line":154,"column":38}},"154":{"start":{"line":155,"column":0},"end":{"line":155,"column":147}},"155":{"start":{"line":156,"column":0},"end":{"line":156,"column":137}},"156":{"start":{"line":157,"column":0},"end":{"line":157,"column":166}},"157":{"start":{"line":158,"column":0},"end":{"line":158,"column":60}},"158":{"start":{"line":159,"column":0},"end":{"line":159,"column":138}},"159":{"start":{"line":160,"column":0},"end":{"line":160,"column":2966}},"160":{"start":{"line":161,"column":0},"end":{"line":161,"column":980}},"161":{"start":{"line":162,"column":0},"end":{"line":162,"column":417}},"162":{"start":{"line":163,"column":0},"end":{"line":163,"column":25}},"163":{"start":{"line":164,"column":0},"end":{"line":164,"column":42}},"164":{"start":{"line":165,"column":0},"end":{"line":165,"column":7}},"166":{"start":{"line":167,"column":0},"end":{"line":167,"column":7}},"167":{"start":{"line":168,"column":0},"end":{"line":168,"column":58}},"168":{"start":{"line":169,"column":0},"end":{"line":169,"column":210}},"169":{"start":{"line":170,"column":0},"end":{"line":170,"column":36}},"170":{"start":{"line":171,"column":0},"end":{"line":171,"column":3107}},"171":{"start":{"line":172,"column":0},"end":{"line":172,"column":11}},"172":{"start":{"line":173,"column":0},"end":{"line":173,"column":17}},"173":{"start":{"line":174,"column":0},"end":{"line":174,"column":758}},"174":{"start":{"line":175,"column":0},"end":{"line":175,"column":214}},"175":{"start":{"line":176,"column":0},"end":{"line":176,"column":15}},"176":{"start":{"line":177,"column":0},"end":{"line":177,"column":13}},"177":{"start":{"line":178,"column":0},"end":{"line":178,"column":8197}},"178":{"start":{"line":179,"column":0},"end":{"line":179,"column":342}},"179":{"start":{"line":180,"column":0},"end":{"line":180,"column":108}},"180":{"start":{"line":181,"column":0},"end":{"line":181,"column":9535}},"181":{"start":{"line":182,"column":0},"end":{"line":182,"column":206}},"182":{"start":{"line":183,"column":0},"end":{"line":183,"column":4}},"183":{"start":{"line":184,"column":0},"end":{"line":184,"column":5026}},"184":{"start":{"line":185,"column":0},"end":{"line":185,"column":169}},"186":{"start":{"line":187,"column":0},"end":{"line":187,"column":4}},"187":{"start":{"line":188,"column":0},"end":{"line":188,"column":4}},"188":{"start":{"line":189,"column":0},"end":{"line":189,"column":2277}},"189":{"start":{"line":190,"column":0},"end":{"line":190,"column":1368}},"190":{"start":{"line":191,"column":0},"end":{"line":191,"column":1169}},"191":{"start":{"line":192,"column":0},"end":{"line":192,"column":2198}},"192":{"start":{"line":193,"column":0},"end":{"line":193,"column":553}},"193":{"start":{"line":194,"column":0},"end":{"line":194,"column":1101}},"194":{"start":{"line":195,"column":0},"end":{"line":195,"column":747}},"195":{"start":{"line":196,"column":0},"end":{"line":196,"column":1708}},"196":{"start":{"line":197,"column":0},"end":{"line":197,"column":694}},"197":{"start":{"line":198,"column":0},"end":{"line":198,"column":337}},"198":{"start":{"line":199,"column":0},"end":{"line":199,"column":38}},"199":{"start":{"line":200,"column":0},"end":{"line":200,"column":11}},"200":{"start":{"line":201,"column":0},"end":{"line":201,"column":7}},"202":{"start":{"line":203,"column":0},"end":{"line":203,"column":24}},"203":{"start":{"line":204,"column":0},"end":{"line":204,"column":20}},"204":{"start":{"line":205,"column":0},"end":{"line":205,"column":6}},"205":{"start":{"line":206,"column":0},"end":{"line":206,"column":5}},"206":{"start":{"line":207,"column":0},"end":{"line":207,"column":91}},"207":{"start":{"line":208,"column":0},"end":{"line":208,"column":36}},"208":{"start":{"line":209,"column":0},"end":{"line":209,"column":8}},"209":{"start":{"line":210,"column":0},"end":{"line":210,"column":21}},"210":{"start":{"line":211,"column":0},"end":{"line":211,"column":2319}},"211":{"start":{"line":212,"column":0},"end":{"line":212,"column":54}},"212":{"start":{"line":213,"column":0},"end":{"line":213,"column":174}},"213":{"start":{"line":214,"column":0},"end":{"line":214,"column":10}},"214":{"start":{"line":215,"column":0},"end":{"line":215,"column":216}},"215":{"start":{"line":216,"column":0},"end":{"line":216,"column":11}},"216":{"start":{"line":217,"column":0},"end":{"line":217,"column":111}},"217":{"start":{"line":218,"column":0},"end":{"line":218,"column":72}},"218":{"start":{"line":219,"column":0},"end":{"line":219,"column":305}},"219":{"start":{"line":220,"column":0},"end":{"line":220,"column":25}},"220":{"start":{"line":221,"column":0},"end":{"line":221,"column":201}},"221":{"start":{"line":222,"column":0},"end":{"line":222,"column":36}},"222":{"start":{"line":223,"column":0},"end":{"line":223,"column":9}},"223":{"start":{"line":224,"column":0},"end":{"line":224,"column":8}},"224":{"start":{"line":225,"column":0},"end":{"line":225,"column":105}},"225":{"start":{"line":226,"column":0},"end":{"line":226,"column":4699}},"227":{"start":{"line":228,"column":0},"end":{"line":228,"column":3}},"228":{"start":{"line":229,"column":0},"end":{"line":229,"column":576}},"229":{"start":{"line":230,"column":0},"end":{"line":230,"column":186}},"230":{"start":{"line":231,"column":0},"end":{"line":231,"column":60}},"231":{"start":{"line":232,"column":0},"end":{"line":232,"column":1533}},"232":{"start":{"line":233,"column":0},"end":{"line":233,"column":1039}},"233":{"start":{"line":234,"column":0},"end":{"line":234,"column":53}},"234":{"start":{"line":235,"column":0},"end":{"line":235,"column":42}},"235":{"start":{"line":236,"column":0},"end":{"line":236,"column":128}},"236":{"start":{"line":237,"column":0},"end":{"line":237,"column":1067}},"237":{"start":{"line":238,"column":0},"end":{"line":238,"column":42}},"238":{"start":{"line":239,"column":0},"end":{"line":239,"column":342}},"239":{"start":{"line":240,"column":0},"end":{"line":240,"column":732}},"240":{"start":{"line":241,"column":0},"end":{"line":241,"column":2477}},"241":{"start":{"line":242,"column":0},"end":{"line":242,"column":9}},"242":{"start":{"line":243,"column":0},"end":{"line":243,"column":872}},"243":{"start":{"line":244,"column":0},"end":{"line":244,"column":223}},"244":{"start":{"line":245,"column":0},"end":{"line":245,"column":596}},"245":{"start":{"line":246,"column":0},"end":{"line":246,"column":34}},"246":{"start":{"line":247,"column":0},"end":{"line":247,"column":198}},"247":{"start":{"line":248,"column":0},"end":{"line":248,"column":44}},"248":{"start":{"line":249,"column":0},"end":{"line":249,"column":269}},"249":{"start":{"line":250,"column":0},"end":{"line":250,"column":4509}},"250":{"start":{"line":251,"column":0},"end":{"line":251,"column":99}},"251":{"start":{"line":252,"column":0},"end":{"line":252,"column":593}},"252":{"start":{"line":253,"column":0},"end":{"line":253,"column":114}},"253":{"start":{"line":254,"column":0},"end":{"line":254,"column":302}},"254":{"start":{"line":255,"column":0},"end":{"line":255,"column":212}},"255":{"start":{"line":256,"column":0},"end":{"line":256,"column":170}},"256":{"start":{"line":257,"column":0},"end":{"line":257,"column":353}},"257":{"start":{"line":258,"column":0},"end":{"line":258,"column":11}},"258":{"start":{"line":259,"column":0},"end":{"line":259,"column":63}},"259":{"start":{"line":260,"column":0},"end":{"line":260,"column":1336}},"260":{"start":{"line":261,"column":0},"end":{"line":261,"column":54}},"261":{"start":{"line":262,"column":0},"end":{"line":262,"column":6600}},"262":{"start":{"line":263,"column":0},"end":{"line":263,"column":70}},"263":{"start":{"line":264,"column":0},"end":{"line":264,"column":6103}},"264":{"start":{"line":265,"column":0},"end":{"line":265,"column":70}},"265":{"start":{"line":266,"column":0},"end":{"line":266,"column":37838}}},"s":{"0":0,"1":0,"2":0,"3":0,"4":0,"5":0,"6":0,"7":0,"8":0,"9":0,"10":0,"11":0,"12":0,"13":0,"14":0,"15":0,"16":0,"17":0,"18":0,"19":0,"20":0,"21":0,"22":0,"23":0,"24":0,"25":0,"26":0,"27":0,"28":0,"29":0,"30":0,"31":0,"32":0,"33":0,"34":0,"35":0,"36":0,"37":0,"38":0,"39":0,"40":0,"41":0,"42":0,"43":0,"44":0,"45":0,"46":0,"47":0,"48":0,"49":0,"50":0,"51":0,"52":0,"53":0,"54":0,"55":0,"56":0,"57":0,"58":0,"59":0,"60":0,"62":0,"63":0,"64":0,"65":0,"66":0,"67":0,"68":0,"69":0,"70":0,"71":0,"73":0,"74":0,"75":0,"76":0,"77":0,"78":0,"79":0,"80":0,"81":0,"82":0,"83":0,"84":0,"85":0,"86":0,"87":0,"88":0,"89":0,"90":0,"91":0,"92":0,"93":0,"94":0,"95":0,"96":0,"97":0,"98":0,"99":0,"100":0,"101":0,"102":0,"103":0,"104":0,"105":0,"106":0,"107":0,"109":0,"110":0,"111":0,"112":0,"113":0,"114":0,"115":0,"116":0,"117":0,"118":0,"119":0,"120":0,"121":0,"122":0,"123":0,"124":0,"125":0,"126":0,"127":0,"128":0,"129":0,"130":0,"131":0,"132":0,"133":0,"134":0,"135":0,"136":0,"137":0,"138":0,"140":0,"141":0,"142":0,"143":0,"144":0,"145":0,"146":0,"147":0,"148":0,"149":0,"150":0,"151":0,"152":0,"153":0,"154":0,"155":0,"156":0,"157":0,"158":0,"159":0,"160":0,"161":0,"162":0,"163":0,"164":0,"166":0,"167":0,"168":0,"169":0,"170":0,"171":0,"172":0,"173":0,"174":0,"175":0,"176":0,"177":0,"178":0,"179":0,"180":0,"181":0,"182":0,"183":0,"184":0,"186":0,"187":0,"188":0,"189":0,"190":0,"191":0,"192":0,"193":0,"194":0,"195":0,"196":0,"197":0,"198":0,"199":0,"200":0,"202":0,"203":0,"204":0,"205":0,"206":0,"207":0,"208":0,"209":0,"210":0,"211":0,"212":0,"213":0,"214":0,"215":0,"216":0,"217":0,"218":0,"219":0,"220":0,"221":0,"222":0,"223":0,"224":0,"225":0,"227":0,"228":0,"229":0,"230":0,"231":0,"232":0,"233":0,"234":0,"235":0,"236":0,"237":0,"238":0,"239":0,"240":0,"241":0,"242":0,"243":0,"244":0,"245":0,"246":0,"247":0,"248":0,"249":0,"250":0,"251":0,"252":0,"253":0,"254":0,"255":0,"256":0,"257":0,"258":0,"259":0,"260":0,"261":0,"262":0,"263":0,"264":0,"265":0},"branchMap":{"0":{"type":"branch","line":1,"loc":{"start":{"line":1,"column":631534},"end":{"line":266,"column":37838}},"locations":[{"start":{"line":1,"column":631534},"end":{"line":266,"column":37838}}]}},"b":{"0":[0]},"fnMap":{"0":{"name":"(empty-report)","decl":{"start":{"line":1,"column":631534},"end":{"line":266,"column":37838}},"loc":{"start":{"line":1,"column":631534},"end":{"line":266,"column":37838}},"line":1}},"f":{"0":0}}
,"/Users/xavimajoral/Code/scopely/frontend/src/main.tsx": {"path":"/Users/xavimajoral/Code/scopely/frontend/src/main.tsx","all":true,"statementMap":{"0":{"start":{"line":1,"column":0},"end":{"line":1,"column":35}},"1":{"start":{"line":2,"column":0},"end":{"line":2,"column":46}},"2":{"start":{"line":3,"column":0},"end":{"line":3,"column":73}},"4":{"start":{"line":5,"column":0},"end":{"line":5,"column":59}},"5":{"start":{"line":6,"column":0},"end":{"line":6,"column":30}},"8":{"start":{"line":9,"column":0},"end":{"line":9,"column":37}},"9":{"start":{"line":10,"column":0},"end":{"line":10,"column":19}},"10":{"start":{"line":11,"column":0},"end":{"line":11,"column":14}},"12":{"start":{"line":13,"column":0},"end":{"line":13,"column":33}},"14":{"start":{"line":15,"column":0},"end":{"line":15,"column":31}},"16":{"start":{"line":17,"column":0},"end":{"line":17,"column":27}},"18":{"start":{"line":19,"column":0},"end":{"line":19,"column":28}},"20":{"start":{"line":21,"column":0},"end":{"line":21,"column":15}},"22":{"start":{"line":23,"column":0},"end":{"line":23,"column":78}},"23":{"start":{"line":24,"column":0},"end":{"line":24,"column":6}},"24":{"start":{"line":25,"column":0},"end":{"line":25,"column":4}},"25":{"start":{"line":26,"column":0},"end":{"line":26,"column":3}},"27":{"start":{"line":28,"column":0},"end":{"line":28,"column":52}},"28":{"start":{"line":29,"column":0},"end":{"line":29,"column":14}},"29":{"start":{"line":30,"column":0},"end":{"line":30,"column":46}},"30":{"start":{"line":31,"column":0},"end":{"line":31,"column":25}},"31":{"start":{"line":32,"column":0},"end":{"line":32,"column":26}},"32":{"start":{"line":33,"column":0},"end":{"line":33,"column":15}},"33":{"start":{"line":34,"column":0},"end":{"line":34,"column":2}}},"s":{"0":0,"1":0,"2":0,"4":0,"5":0,"8":0,"9":0,"10":0,"12":0,"14":0,"16":0,"18":0,"20":0,"22":0,"23":0,"24":0,"25":0,"27":0,"28":0,"29":0,"30":0,"31":0,"32":0,"33":0},"branchMap":{"0":{"type":"branch","line":1,"loc":{"start":{"line":1,"column":0},"end":{"line":34,"column":-395}},"locations":[{"start":{"line":1,"column":0},"end":{"line":34,"column":-395}}]}},"b":{"0":[0]},"fnMap":{"0":{"name":"(empty-report)","decl":{"start":{"line":1,"column":0},"end":{"line":34,"column":-395}},"loc":{"start":{"line":1,"column":0},"end":{"line":34,"column":-395}},"line":1}},"f":{"0":0}}
,"/Users/xavimajoral/Code/scopely/frontend/src/types.ts": {"path":"/Users/xavimajoral/Code/scopely/frontend/src/types.ts","all":false,"statementMap":{"2":{"start":{"line":3,"column":0},"end":{"line":3,"column":26}},"3":{"start":{"line":4,"column":0},"end":{"line":4,"column":16}},"4":{"start":{"line":5,"column":0},"end":{"line":5,"column":33}},"5":{"start":{"line":6,"column":0},"end":{"line":6,"column":24}}},"s":{"2":1,"3":1,"4":1,"5":1},"branchMap":{"0":{"type":"branch","line":3,"loc":{"start":{"line":3,"column":7},"end":{"line":3,"column":26}},"locations":[{"start":{"line":3,"column":7},"end":{"line":3,"column":26}}]}},"b":{"0":[6]},"fnMap":{},"f":{}}
,"/Users/xavimajoral/Code/scopely/frontend/src/components/ConfirmModal/index.tsx": {"path":"/Users/xavimajoral/Code/scopely/frontend/src/components/ConfirmModal/index.tsx","all":false,"statementMap":{"0":{"start":{"line":1,"column":0},"end":{"line":1,"column":39}},"1":{"start":{"line":2,"column":0},"end":{"line":2,"column":47}},"14":{"start":{"line":15,"column":0},"end":{"line":15,"column":52}},"20":{"start":{"line":21,"column":0},"end":{"line":21,"column":26}},"21":{"start":{"line":22,"column":0},"end":{"line":22,"column":24}},"22":{"start":{"line":23,"column":0},"end":{"line":23,"column":20}},"24":{"start":{"line":25,"column":0},"end":{"line":25,"column":31}},"25":{"start":{"line":26,"column":0},"end":{"line":26,"column":16}},"26":{"start":{"line":27,"column":0},"end":{"line":27,"column":4}},"28":{"start":{"line":29,"column":0},"end":{"line":29,"column":18}},"29":{"start":{"line":30,"column":0},"end":{"line":30,"column":6}},"30":{"start":{"line":31,"column":0},"end":{"line":31,"column":99}},"31":{"start":{"line":32,"column":0},"end":{"line":32,"column":20}},"32":{"start":{"line":33,"column":0},"end":{"line":33,"column":15}},"33":{"start":{"line":34,"column":0},"end":{"line":34,"column":13}},"34":{"start":{"line":35,"column":0},"end":{"line":35,"column":21}},"35":{"start":{"line":36,"column":0},"end":{"line":36,"column":40}},"36":{"start":{"line":37,"column":0},"end":{"line":37,"column":31}},"37":{"start":{"line":38,"column":0},"end":{"line":38,"column":28}},"39":{"start":{"line":40,"column":0},"end":{"line":40,"column":51}},"40":{"start":{"line":41,"column":0},"end":{"line":41,"column":15}},"41":{"start":{"line":42,"column":0},"end":{"line":42,"column":7}},"42":{"start":{"line":43,"column":0},"end":{"line":43,"column":4}},"45":{"start":{"line":46,"column":0},"end":{"line":46,"column":75}},"46":{"start":{"line":47,"column":0},"end":{"line":47,"column":56}},"47":{"start":{"line":48,"column":0},"end":{"line":48,"column":12}},"51":{"start":{"line":52,"column":0},"end":{"line":52,"column":28}}},"s":{"0":1,"1":1,"14":1,"20":1,"21":1,"22":1,"24":1,"25":0,"26":1,"28":1,"29":1,"30":1,"31":1,"32":1,"33":1,"34":1,"35":1,"36":1,"37":1,"39":1,"40":1,"41":1,"42":1,"45":1,"46":1,"47":1,"51":1},"branchMap":{"0":{"type":"branch","line":15,"loc":{"start":{"line":15,"column":50},"end":{"line":48,"column":12}},"locations":[{"start":{"line":15,"column":50},"end":{"line":48,"column":12}}]},"1":{"type":"branch","line":21,"loc":{"start":{"line":21,"column":2},"end":{"line":21,"column":26}},"locations":[{"start":{"line":21,"column":2},"end":{"line":21,"column":26}}]},"2":{"type":"branch","line":22,"loc":{"start":{"line":22,"column":2},"end":{"line":22,"column":24}},"locations":[{"start":{"line":22,"column":2},"end":{"line":22,"column":24}}]},"3":{"type":"branch","line":23,"loc":{"start":{"line":23,"column":2},"end":{"line":23,"column":19}},"locations":[{"start":{"line":23,"column":2},"end":{"line":23,"column":19}}]},"4":{"type":"branch","line":27,"loc":{"start":{"line":27,"column":3},"end":{"line":27,"column":4}},"locations":[{"start":{"line":27,"column":3},"end":{"line":27,"column":4}}]},"5":{"type":"branch","line":40,"loc":{"start":{"line":40,"column":9},"end":{"line":40,"column":50}},"locations":[{"start":{"line":40,"column":9},"end":{"line":40,"column":50}}]},"6":{"type":"branch","line":40,"loc":{"start":{"line":40,"column":50},"end":{"line":40,"column":51}},"locations":[{"start":{"line":40,"column":50},"end":{"line":40,"column":51}}]},"7":{"type":"branch","line":40,"loc":{"start":{"line":40,"column":50},"end":{"line":40,"column":51}},"locations":[{"start":{"line":40,"column":50},"end":{"line":40,"column":51}}]}},"b":{"0":[1],"1":[0],"2":[0],"3":[0],"4":[0],"5":[0],"6":[0],"7":[0]},"fnMap":{"0":{"name":"ConfirmModal","decl":{"start":{"line":15,"column":50},"end":{"line":48,"column":12}},"loc":{"start":{"line":15,"column":50},"end":{"line":48,"column":12}},"line":15},"1":{"name":"t4","decl":{"start":{"line":25,"column":24},"end":{"line":26,"column":16}},"loc":{"start":{"line":25,"column":24},"end":{"line":26,"column":16}},"line":25}},"f":{"0":1,"1":0}}
,"/Users/xavimajoral/Code/scopely/frontend/src/components/DicebearAvatar/index.tsx": {"path":"/Users/xavimajoral/Code/scopely/frontend/src/components/DicebearAvatar/index.tsx","all":false,"statementMap":{"0":{"start":{"line":1,"column":0},"end":{"line":1,"column":46}},"9":{"start":{"line":10,"column":0},"end":{"line":10,"column":90}},"10":{"start":{"line":11,"column":0},"end":{"line":11,"column":45}},"13":{"start":{"line":14,"column":0},"end":{"line":14,"column":19}},"15":{"start":{"line":16,"column":0},"end":{"line":16,"column":80}}},"s":{"0":1,"9":1,"10":22,"13":22,"15":27},"branchMap":{"0":{"type":"branch","line":10,"loc":{"start":{"line":10,"column":7},"end":{"line":16,"column":80}},"locations":[{"start":{"line":10,"column":7},"end":{"line":16,"column":80}}]},"1":{"type":"branch","line":10,"loc":{"start":{"line":10,"column":39},"end":{"line":10,"column":50}},"locations":[{"start":{"line":10,"column":39},"end":{"line":10,"column":50}}]},"2":{"type":"branch","line":10,"loc":{"start":{"line":10,"column":39},"end":{"line":10,"column":50}},"locations":[{"start":{"line":10,"column":39},"end":{"line":10,"column":50}}]},"3":{"type":"branch","line":10,"loc":{"start":{"line":10,"column":50},"end":{"line":10,"column":64}},"locations":[{"start":{"line":10,"column":50},"end":{"line":10,"column":64}}]},"4":{"type":"branch","line":10,"loc":{"start":{"line":10,"column":50},"end":{"line":10,"column":64}},"locations":[{"start":{"line":10,"column":50},"end":{"line":10,"column":64}}]},"5":{"type":"branch","line":10,"loc":{"start":{"line":10,"column":64},"end":{"line":10,"column":90}},"locations":[{"start":{"line":10,"column":64},"end":{"line":10,"column":90}}]},"6":{"type":"branch","line":10,"loc":{"start":{"line":10,"column":64},"end":{"line":14,"column":19}},"locations":[{"start":{"line":10,"column":64},"end":{"line":14,"column":19}}]},"7":{"type":"branch","line":14,"loc":{"start":{"line":14,"column":18},"end":{"line":14,"column":19}},"locations":[{"start":{"line":14,"column":18},"end":{"line":14,"column":19}}]},"8":{"type":"branch","line":16,"loc":{"start":{"line":16,"column":38},"end":{"line":16,"column":47}},"locations":[{"start":{"line":16,"column":38},"end":{"line":16,"column":47}}]},"9":{"type":"branch","line":16,"loc":{"start":{"line":16,"column":38},"end":{"line":16,"column":47}},"locations":[{"start":{"line":16,"column":38},"end":{"line":16,"column":47}}]},"10":{"type":"branch","line":16,"loc":{"start":{"line":16,"column":38},"end":{"line":16,"column":80}},"locations":[{"start":{"line":16,"column":38},"end":{"line":16,"column":80}}]},"11":{"type":"branch","line":16,"loc":{"start":{"line":16,"column":79},"end":{"line":16,"column":80}},"locations":[{"start":{"line":16,"column":79},"end":{"line":16,"column":80}}]}},"b":{"0":[27],"1":[5],"2":[22],"3":[26],"4":[1],"5":[5],"6":[22],"7":[5],"8":[5],"9":[5],"10":[22],"11":[5]},"fnMap":{"0":{"name":"DicebearAvatar","decl":{"start":{"line":10,"column":7},"end":{"line":16,"column":80}},"loc":{"start":{"line":10,"column":7},"end":{"line":16,"column":80}},"line":10}},"f":{"0":27}}
,"/Users/xavimajoral/Code/scopely/frontend/src/components/Modal/index.tsx": {"path":"/Users/xavimajoral/Code/scopely/frontend/src/components/Modal/index.tsx","all":false,"statementMap":{"0":{"start":{"line":1,"column":0},"end":{"line":1,"column":39}},"1":{"start":{"line":2,"column":0},"end":{"line":2,"column":40}},"14":{"start":{"line":15,"column":0},"end":{"line":15,"column":87}},"15":{"start":{"line":16,"column":0},"end":{"line":16,"column":27}},"18":{"start":{"line":19,"column":0},"end":{"line":19,"column":59}},"19":{"start":{"line":20,"column":0},"end":{"line":20,"column":80}},"20":{"start":{"line":21,"column":0},"end":{"line":21,"column":44}},"21":{"start":{"line":22,"column":0},"end":{"line":22,"column":26}},"22":{"start":{"line":23,"column":0},"end":{"line":23,"column":67}},"24":{"start":{"line":25,"column":0},"end":{"line":25,"column":19}},"25":{"start":{"line":26,"column":0},"end":{"line":26,"column":14}},"26":{"start":{"line":27,"column":0},"end":{"line":27,"column":58}},"27":{"start":{"line":28,"column":0},"end":{"line":28,"column":70}},"28":{"start":{"line":29,"column":0},"end":{"line":29,"column":12}},"29":{"start":{"line":30,"column":0},"end":{"line":30,"column":10}},"33":{"start":{"line":34,"column":0},"end":{"line":34,"column":21}}},"s":{"0":1,"1":1,"14":1,"15":4,"18":4,"19":4,"20":5,"21":5,"22":5,"24":5,"25":5,"26":46,"27":5,"28":46,"29":46,"33":1},"branchMap":{"0":{"type":"branch","line":15,"loc":{"start":{"line":15,"column":36},"end":{"line":30,"column":10}},"locations":[{"start":{"line":15,"column":36},"end":{"line":30,"column":10}}]},"1":{"type":"branch","line":16,"loc":{"start":{"line":16,"column":13},"end":{"line":16,"column":27}},"locations":[{"start":{"line":16,"column":13},"end":{"line":16,"column":27}}]},"2":{"type":"branch","line":16,"loc":{"start":{"line":16,"column":26},"end":{"line":22,"column":26}},"locations":[{"start":{"line":16,"column":26},"end":{"line":22,"column":26}}]},"3":{"type":"branch","line":16,"loc":{"start":{"line":16,"column":26},"end":{"line":16,"column":27}},"locations":[{"start":{"line":16,"column":26},"end":{"line":16,"column":27}}]},"4":{"type":"branch","line":17,"loc":{"start":{"line":17,"column":-1},"end":{"line":22,"column":26}},"locations":[{"start":{"line":17,"column":-1},"end":{"line":22,"column":26}}]},"5":{"type":"branch","line":23,"loc":{"start":{"line":23,"column":-1},"end":{"line":25,"column":19}},"locations":[{"start":{"line":23,"column":-1},"end":{"line":25,"column":19}}]},"6":{"type":"branch","line":23,"loc":{"start":{"line":23,"column":-1},"end":{"line":25,"column":19}},"locations":[{"start":{"line":23,"column":-1},"end":{"line":25,"column":19}}]},"7":{"type":"branch","line":26,"loc":{"start":{"line":26,"column":-1},"end":{"line":26,"column":14}},"locations":[{"start":{"line":26,"column":-1},"end":{"line":26,"column":14}}]},"8":{"type":"branch","line":27,"loc":{"start":{"line":27,"column":-1},"end":{"line":27,"column":58}},"locations":[{"start":{"line":27,"column":-1},"end":{"line":27,"column":58}}]},"9":{"type":"branch","line":28,"loc":{"start":{"line":28,"column":-1},"end":{"line":28,"column":70}},"locations":[{"start":{"line":28,"column":-1},"end":{"line":28,"column":70}}]},"10":{"type":"branch","line":28,"loc":{"start":{"line":28,"column":-1},"end":{"line":28,"column":70}},"locations":[{"start":{"line":28,"column":-1},"end":{"line":28,"column":70}}]},"11":{"type":"branch","line":28,"loc":{"start":{"line":28,"column":9},"end":{"line":28,"column":69}},"locations":[{"start":{"line":28,"column":9},"end":{"line":28,"column":69}}]},"12":{"type":"branch","line":28,"loc":{"start":{"line":28,"column":69},"end":{"line":28,"column":70}},"locations":[{"start":{"line":28,"column":69},"end":{"line":28,"column":70}}]},"13":{"type":"branch","line":28,"loc":{"start":{"line":28,"column":69},"end":{"line":28,"column":70}},"locations":[{"start":{"line":28,"column":69},"end":{"line":28,"column":70}}]},"14":{"type":"branch","line":28,"loc":{"start":{"line":28,"column":69},"end":{"line":28,"column":70}},"locations":[{"start":{"line":28,"column":69},"end":{"line":28,"column":70}}]},"15":{"type":"branch","line":28,"loc":{"start":{"line":28,"column":69},"end":{"line":28,"column":70}},"locations":[{"start":{"line":28,"column":69},"end":{"line":28,"column":70}}]},"16":{"type":"branch","line":28,"loc":{"start":{"line":28,"column":69},"end":{"line":29,"column":12}},"locations":[{"start":{"line":28,"column":69},"end":{"line":29,"column":12}}]},"17":{"type":"branch","line":30,"loc":{"start":{"line":30,"column":-1},"end":{"line":30,"column":10}},"locations":[{"start":{"line":30,"column":-1},"end":{"line":30,"column":10}}]},"18":{"type":"branch","line":15,"loc":{"start":{"line":15,"column":36},"end":{"line":20,"column":80}},"locations":[{"start":{"line":15,"column":36},"end":{"line":20,"column":80}}]}},"b":{"0":[55],"1":[9],"2":[54],"3":[46],"4":[1],"5":[54],"6":[5],"7":[5],"8":[46],"9":[54],"10":[5],"11":[3],"12":[41],"13":[46],"14":[41],"15":[0],"16":[46],"17":[46],"18":[4]},"fnMap":{"0":{"name":"Modal","decl":{"start":{"line":15,"column":36},"end":{"line":30,"column":10}},"loc":{"start":{"line":15,"column":36},"end":{"line":30,"column":10}},"line":15},"1":{"name":"_temp","decl":{"start":{"line":15,"column":36},"end":{"line":20,"column":80}},"loc":{"start":{"line":15,"column":36},"end":{"line":20,"column":80}},"line":15}},"f":{"0":55,"1":4}}
,"/Users/xavimajoral/Code/scopely/frontend/src/components/NewTicketModal/index.tsx": {"path":"/Users/xavimajoral/Code/scopely/frontend/src/components/NewTicketModal/index.tsx","all":false,"statementMap":{"0":{"start":{"line":1,"column":0},"end":{"line":1,"column":33}},"1":{"start":{"line":2,"column":0},"end":{"line":2,"column":68}},"3":{"start":{"line":4,"column":0},"end":{"line":4,"column":47}},"4":{"start":{"line":5,"column":0},"end":{"line":5,"column":39}},"5":{"start":{"line":6,"column":0},"end":{"line":6,"column":49}},"13":{"start":{"line":14,"column":0},"end":{"line":14,"column":97}},"14":{"start":{"line":15,"column":0},"end":{"line":15,"column":39}},"15":{"start":{"line":16,"column":0},"end":{"line":16,"column":44}},"16":{"start":{"line":17,"column":0},"end":{"line":17,"column":16}},"17":{"start":{"line":18,"column":0},"end":{"line":18,"column":20}},"18":{"start":{"line":19,"column":0},"end":{"line":19,"column":5}},"21":{"start":{"line":22,"column":0},"end":{"line":22,"column":44}},"22":{"start":{"line":23,"column":0},"end":{"line":23,"column":49}},"23":{"start":{"line":24,"column":0},"end":{"line":24,"column":48}},"24":{"start":{"line":25,"column":0},"end":{"line":25,"column":6}},"25":{"start":{"line":26,"column":0},"end":{"line":26,"column":22}},"27":{"start":{"line":28,"column":0},"end":{"line":28,"column":73}},"28":{"start":{"line":29,"column":0},"end":{"line":29,"column":19}},"29":{"start":{"line":30,"column":0},"end":{"line":30,"column":20}},"30":{"start":{"line":31,"column":0},"end":{"line":31,"column":24}},"31":{"start":{"line":32,"column":0},"end":{"line":32,"column":9}},"32":{"start":{"line":33,"column":0},"end":{"line":33,"column":24}},"33":{"start":{"line":34,"column":0},"end":{"line":34,"column":16}},"34":{"start":{"line":35,"column":0},"end":{"line":35,"column":6}},"35":{"start":{"line":36,"column":0},"end":{"line":36,"column":25}},"36":{"start":{"line":37,"column":0},"end":{"line":37,"column":53}},"38":{"start":{"line":39,"column":0},"end":{"line":39,"column":5}},"40":{"start":{"line":41,"column":0},"end":{"line":41,"column":54}},"41":{"start":{"line":42,"column":0},"end":{"line":42,"column":23}},"43":{"start":{"line":44,"column":0},"end":{"line":44,"column":67}},"48":{"start":{"line":49,"column":0},"end":{"line":49,"column":87}},"49":{"start":{"line":50,"column":0},"end":{"line":50,"column":94}},"50":{"start":{"line":51,"column":0},"end":{"line":51,"column":40}},"51":{"start":{"line":52,"column":0},"end":{"line":52,"column":39}},"52":{"start":{"line":53,"column":0},"end":{"line":53,"column":47}},"53":{"start":{"line":54,"column":0},"end":{"line":54,"column":40}},"54":{"start":{"line":55,"column":0},"end":{"line":55,"column":32}},"55":{"start":{"line":56,"column":0},"end":{"line":56,"column":6}},"57":{"start":{"line":58,"column":0},"end":{"line":58,"column":43}},"58":{"start":{"line":59,"column":0},"end":{"line":59,"column":4}},"60":{"start":{"line":61,"column":0},"end":{"line":61,"column":90}},"61":{"start":{"line":62,"column":0},"end":{"line":62,"column":37}},"62":{"start":{"line":63,"column":0},"end":{"line":63,"column":56}},"63":{"start":{"line":64,"column":0},"end":{"line":64,"column":4}},"65":{"start":{"line":66,"column":0},"end":{"line":66,"column":18}},"66":{"start":{"line":67,"column":0},"end":{"line":67,"column":6}},"67":{"start":{"line":68,"column":0},"end":{"line":68,"column":13}},"68":{"start":{"line":69,"column":0},"end":{"line":69,"column":21}},"69":{"start":{"line":70,"column":0},"end":{"line":70,"column":39}},"70":{"start":{"line":71,"column":0},"end":{"line":71,"column":25}},"71":{"start":{"line":72,"column":0},"end":{"line":72,"column":49}},"72":{"start":{"line":73,"column":0},"end":{"line":73,"column":7}},"74":{"start":{"line":75,"column":0},"end":{"line":75,"column":15}},"75":{"start":{"line":76,"column":0},"end":{"line":76,"column":13}},"76":{"start":{"line":77,"column":0},"end":{"line":77,"column":21}},"77":{"start":{"line":78,"column":0},"end":{"line":78,"column":30}},"78":{"start":{"line":79,"column":0},"end":{"line":79,"column":39}},"79":{"start":{"line":80,"column":0},"end":{"line":80,"column":49}},"81":{"start":{"line":82,"column":0},"end":{"line":82,"column":74}},"82":{"start":{"line":83,"column":0},"end":{"line":83,"column":15}},"83":{"start":{"line":84,"column":0},"end":{"line":84,"column":7}},"84":{"start":{"line":85,"column":0},"end":{"line":85,"column":4}},"86":{"start":{"line":87,"column":0},"end":{"line":87,"column":19}},"87":{"start":{"line":88,"column":0},"end":{"line":88,"column":38}},"88":{"start":{"line":89,"column":0},"end":{"line":89,"column":48}},"89":{"start":{"line":90,"column":0},"end":{"line":90,"column":12}},"90":{"start":{"line":91,"column":0},"end":{"line":91,"column":19}},"91":{"start":{"line":92,"column":0},"end":{"line":92,"column":20}},"92":{"start":{"line":93,"column":0},"end":{"line":93,"column":22}},"93":{"start":{"line":94,"column":0},"end":{"line":94,"column":32}},"94":{"start":{"line":95,"column":0},"end":{"line":95,"column":31}},"95":{"start":{"line":96,"column":0},"end":{"line":96,"column":16}},"96":{"start":{"line":97,"column":0},"end":{"line":97,"column":23}},"98":{"start":{"line":99,"column":0},"end":{"line":99,"column":10}},"99":{"start":{"line":100,"column":0},"end":{"line":100,"column":4}},"101":{"start":{"line":102,"column":0},"end":{"line":102,"column":23}},"102":{"start":{"line":103,"column":0},"end":{"line":103,"column":38}},"103":{"start":{"line":104,"column":0},"end":{"line":104,"column":56}},"104":{"start":{"line":105,"column":0},"end":{"line":105,"column":15}},"105":{"start":{"line":106,"column":0},"end":{"line":106,"column":24}},"106":{"start":{"line":107,"column":0},"end":{"line":107,"column":26}},"107":{"start":{"line":108,"column":0},"end":{"line":108,"column":36}},"108":{"start":{"line":109,"column":0},"end":{"line":109,"column":31}},"109":{"start":{"line":110,"column":0},"end":{"line":110,"column":16}},"110":{"start":{"line":111,"column":0},"end":{"line":111,"column":16}},"112":{"start":{"line":113,"column":0},"end":{"line":113,"column":10}},"113":{"start":{"line":114,"column":0},"end":{"line":114,"column":4}},"116":{"start":{"line":117,"column":0},"end":{"line":117,"column":87}},"117":{"start":{"line":118,"column":0},"end":{"line":118,"column":57}},"118":{"start":{"line":119,"column":0},"end":{"line":119,"column":17}},"119":{"start":{"line":120,"column":0},"end":{"line":120,"column":21}},"120":{"start":{"line":121,"column":0},"end":{"line":121,"column":42}},"121":{"start":{"line":122,"column":0},"end":{"line":122,"column":95}},"122":{"start":{"line":123,"column":0},"end":{"line":123,"column":10}},"123":{"start":{"line":124,"column":0},"end":{"line":124,"column":13}},"124":{"start":{"line":125,"column":0},"end":{"line":125,"column":12}},"128":{"start":{"line":129,"column":0},"end":{"line":129,"column":30}}},"s":{"0":1,"1":1,"3":1,"4":1,"5":1,"13":1,"14":0,"15":0,"16":0,"17":0,"18":0,"21":0,"22":0,"23":0,"24":0,"25":0,"27":0,"28":0,"29":0,"30":0,"31":0,"32":0,"33":0,"34":0,"35":0,"36":0,"38":6,"40":51,"41":1,"43":1,"48":1,"49":1,"50":1,"51":1,"52":1,"53":1,"54":1,"55":1,"57":1,"58":51,"60":5,"61":41,"62":41,"63":5,"65":5,"66":5,"67":5,"68":5,"69":5,"70":5,"71":5,"72":5,"74":5,"75":51,"76":51,"77":51,"78":51,"79":51,"81":51,"82":5,"83":5,"84":51,"86":5,"87":5,"88":5,"89":33,"90":33,"91":33,"92":33,"93":33,"94":33,"95":33,"96":33,"98":33,"99":51,"101":5,"102":5,"103":5,"104":20,"105":20,"106":20,"107":20,"108":20,"109":20,"110":20,"112":20,"113":51,"116":5,"117":5,"118":5,"119":5,"120":5,"121":0,"122":5,"123":51,"124":51,"128":1},"branchMap":{"0":{"type":"branch","line":14,"loc":{"start":{"line":14,"column":54},"end":{"line":125,"column":12}},"locations":[{"start":{"line":14,"column":54},"end":{"line":125,"column":12}}]},"1":{"type":"branch","line":16,"loc":{"start":{"line":16,"column":-1},"end":{"line":19,"column":5}},"locations":[{"start":{"line":16,"column":-1},"end":{"line":19,"column":5}}]},"2":{"type":"branch","line":19,"loc":{"start":{"line":19,"column":3},"end":{"line":19,"column":5}},"locations":[{"start":{"line":19,"column":3},"end":{"line":19,"column":5}}]},"3":{"type":"branch","line":20,"loc":{"start":{"line":20,"column":-1},"end":{"line":39,"column":5}},"locations":[{"start":{"line":20,"column":-1},"end":{"line":39,"column":5}}]},"4":{"type":"branch","line":39,"loc":{"start":{"line":39,"column":3},"end":{"line":39,"column":5}},"locations":[{"start":{"line":39,"column":3},"end":{"line":39,"column":5}}]},"5":{"type":"branch","line":59,"loc":{"start":{"line":59,"column":3},"end":{"line":59,"column":4}},"locations":[{"start":{"line":59,"column":3},"end":{"line":59,"column":4}}]},"6":{"type":"branch","line":60,"loc":{"start":{"line":60,"column":-1},"end":{"line":64,"column":4}},"locations":[{"start":{"line":60,"column":-1},"end":{"line":64,"column":4}}]},"7":{"type":"branch","line":64,"loc":{"start":{"line":64,"column":3},"end":{"line":64,"column":4}},"locations":[{"start":{"line":64,"column":3},"end":{"line":64,"column":4}}]},"8":{"type":"branch","line":65,"loc":{"start":{"line":65,"column":-1},"end":{"line":75,"column":15}},"locations":[{"start":{"line":65,"column":-1},"end":{"line":75,"column":15}}]},"9":{"type":"branch","line":82,"loc":{"start":{"line":82,"column":73},"end":{"line":82,"column":74}},"locations":[{"start":{"line":82,"column":73},"end":{"line":82,"column":74}}]},"10":{"type":"branch","line":82,"loc":{"start":{"line":82,"column":73},"end":{"line":83,"column":15}},"locations":[{"start":{"line":82,"column":73},"end":{"line":83,"column":15}}]},"11":{"type":"branch","line":84,"loc":{"start":{"line":84,"column":-1},"end":{"line":84,"column":7}},"locations":[{"start":{"line":84,"column":-1},"end":{"line":84,"column":7}}]},"12":{"type":"branch","line":86,"loc":{"start":{"line":86,"column":-1},"end":{"line":89,"column":48}},"locations":[{"start":{"line":86,"column":-1},"end":{"line":89,"column":48}}]},"13":{"type":"branch","line":90,"loc":{"start":{"line":90,"column":-1},"end":{"line":99,"column":10}},"locations":[{"start":{"line":90,"column":-1},"end":{"line":99,"column":10}}]},"14":{"type":"branch","line":101,"loc":{"start":{"line":101,"column":-1},"end":{"line":104,"column":56}},"locations":[{"start":{"line":101,"column":-1},"end":{"line":104,"column":56}}]},"15":{"type":"branch","line":105,"loc":{"start":{"line":105,"column":-1},"end":{"line":113,"column":10}},"locations":[{"start":{"line":105,"column":-1},"end":{"line":113,"column":10}}]},"16":{"type":"branch","line":115,"loc":{"start":{"line":115,"column":-1},"end":{"line":123,"column":10}},"locations":[{"start":{"line":115,"column":-1},"end":{"line":123,"column":10}}]},"17":{"type":"branch","line":121,"loc":{"start":{"line":121,"column":29},"end":{"line":122,"column":95}},"locations":[{"start":{"line":121,"column":29},"end":{"line":122,"column":95}}]},"18":{"type":"branch","line":123,"loc":{"start":{"line":123,"column":9},"end":{"line":123,"column":10}},"locations":[{"start":{"line":123,"column":9},"end":{"line":123,"column":10}}]},"19":{"type":"branch","line":123,"loc":{"start":{"line":123,"column":9},"end":{"line":123,"column":10}},"locations":[{"start":{"line":123,"column":9},"end":{"line":123,"column":10}}]},"20":{"type":"branch","line":123,"loc":{"start":{"line":123,"column":9},"end":{"line":123,"column":10}},"locations":[{"start":{"line":123,"column":9},"end":{"line":123,"column":10}}]},"21":{"type":"branch","line":123,"loc":{"start":{"line":123,"column":9},"end":{"line":123,"column":10}},"locations":[{"start":{"line":123,"column":9},"end":{"line":123,"column":10}}]},"22":{"type":"branch","line":26,"loc":{"start":{"line":26,"column":15},"end":{"line":34,"column":16}},"locations":[{"start":{"line":26,"column":15},"end":{"line":34,"column":16}}]},"23":{"type":"branch","line":41,"loc":{"start":{"line":41,"column":23},"end":{"line":58,"column":43}},"locations":[{"start":{"line":41,"column":23},"end":{"line":58,"column":43}}]},"24":{"type":"branch","line":44,"loc":{"start":{"line":44,"column":64},"end":{"line":44,"column":67}},"locations":[{"start":{"line":44,"column":64},"end":{"line":44,"column":67}}]},"25":{"type":"branch","line":61,"loc":{"start":{"line":61,"column":23},"end":{"line":63,"column":56}},"locations":[{"start":{"line":61,"column":23},"end":{"line":63,"column":56}}]},"26":{"type":"branch","line":63,"loc":{"start":{"line":63,"column":16},"end":{"line":63,"column":54}},"locations":[{"start":{"line":63,"column":16},"end":{"line":63,"column":54}}]},"27":{"type":"branch","line":14,"loc":{"start":{"line":14,"column":54},"end":{"line":24,"column":48}},"locations":[{"start":{"line":14,"column":54},"end":{"line":24,"column":48}}]}},"b":{"0":[51],"1":[5],"2":[46],"3":[1],"4":[45],"5":[0],"6":[1],"7":[46],"8":[1],"9":[46],"10":[5],"11":[5],"12":[1],"13":[33],"14":[1],"15":[20],"16":[1],"17":[0],"18":[46],"19":[31],"20":[0],"21":[0],"22":[1],"23":[1],"24":[0],"25":[41],"26":[41],"27":[1]},"fnMap":{"0":{"name":"NewTicketModal","decl":{"start":{"line":14,"column":54},"end":{"line":125,"column":12}},"loc":{"start":{"line":14,"column":54},"end":{"line":125,"column":12}},"line":14},"1":{"name":"onSuccess","decl":{"start":{"line":26,"column":15},"end":{"line":34,"column":16}},"loc":{"start":{"line":26,"column":15},"end":{"line":34,"column":16}},"line":26},"2":{"name":"t3","decl":{"start":{"line":41,"column":23},"end":{"line":58,"column":43}},"loc":{"start":{"line":41,"column":23},"end":{"line":58,"column":43}},"line":41},"3":{"name":"t4","decl":{"start":{"line":61,"column":23},"end":{"line":63,"column":56}},"loc":{"start":{"line":61,"column":23},"end":{"line":63,"column":56}},"line":61},"4":{"name":"_temp","decl":{"start":{"line":14,"column":54},"end":{"line":24,"column":48}},"loc":{"start":{"line":14,"column":54},"end":{"line":24,"column":48}},"line":14},"5":{"name":"_temp2","decl":{"start":{"line":14,"column":54},"end":{"line":37,"column":53}},"loc":{"start":{"line":14,"column":54},"end":{"line":37,"column":53}},"line":14}},"f":{"0":51,"1":1,"2":1,"3":41,"4":1,"5":0}}
,"/Users/xavimajoral/Code/scopely/frontend/src/components/ReplyForm/index.tsx": {"path":"/Users/xavimajoral/Code/scopely/frontend/src/components/ReplyForm/index.tsx","all":false,"statementMap":{"0":{"start":{"line":1,"column":0},"end":{"line":1,"column":33}},"1":{"start":{"line":2,"column":0},"end":{"line":2,"column":68}},"3":{"start":{"line":4,"column":0},"end":{"line":4,"column":47}},"4":{"start":{"line":5,"column":0},"end":{"line":5,"column":44}},"11":{"start":{"line":12,"column":0},"end":{"line":12,"column":78}},"12":{"start":{"line":13,"column":0},"end":{"line":13,"column":39}},"13":{"start":{"line":14,"column":0},"end":{"line":14,"column":55}},"16":{"start":{"line":17,"column":0},"end":{"line":17,"column":45}},"17":{"start":{"line":18,"column":0},"end":{"line":18,"column":48}},"18":{"start":{"line":19,"column":0},"end":{"line":19,"column":55}},"19":{"start":{"line":20,"column":0},"end":{"line":20,"column":6}},"20":{"start":{"line":21,"column":0},"end":{"line":21,"column":22}},"22":{"start":{"line":23,"column":0},"end":{"line":23,"column":79}},"24":{"start":{"line":25,"column":0},"end":{"line":25,"column":73}},"25":{"start":{"line":26,"column":0},"end":{"line":26,"column":26}},"26":{"start":{"line":27,"column":0},"end":{"line":27,"column":24}},"27":{"start":{"line":28,"column":0},"end":{"line":28,"column":6}},"28":{"start":{"line":29,"column":0},"end":{"line":29,"column":25}},"29":{"start":{"line":30,"column":0},"end":{"line":30,"column":50}},"30":{"start":{"line":31,"column":0},"end":{"line":31,"column":54}},"32":{"start":{"line":33,"column":0},"end":{"line":33,"column":5}},"34":{"start":{"line":35,"column":0},"end":{"line":35,"column":29}},"35":{"start":{"line":36,"column":0},"end":{"line":36,"column":72}},"37":{"start":{"line":38,"column":0},"end":{"line":38,"column":38}},"38":{"start":{"line":39,"column":0},"end":{"line":39,"column":28}},"39":{"start":{"line":40,"column":0},"end":{"line":40,"column":27}},"40":{"start":{"line":41,"column":0},"end":{"line":41,"column":25}},"41":{"start":{"line":42,"column":0},"end":{"line":42,"column":24}},"42":{"start":{"line":43,"column":0},"end":{"line":43,"column":6}},"44":{"start":{"line":45,"column":0},"end":{"line":45,"column":43}},"45":{"start":{"line":46,"column":0},"end":{"line":46,"column":4}},"47":{"start":{"line":48,"column":0},"end":{"line":48,"column":53}},"48":{"start":{"line":49,"column":0},"end":{"line":49,"column":23}},"49":{"start":{"line":50,"column":0},"end":{"line":50,"column":18}},"50":{"start":{"line":51,"column":0},"end":{"line":51,"column":4}},"52":{"start":{"line":53,"column":0},"end":{"line":53,"column":74}},"54":{"start":{"line":55,"column":0},"end":{"line":55,"column":56}},"55":{"start":{"line":56,"column":0},"end":{"line":56,"column":25}},"56":{"start":{"line":57,"column":0},"end":{"line":57,"column":20}},"57":{"start":{"line":58,"column":0},"end":{"line":58,"column":5}},"58":{"start":{"line":59,"column":0},"end":{"line":59,"column":4}},"60":{"start":{"line":61,"column":0},"end":{"line":61,"column":27}},"61":{"start":{"line":62,"column":0},"end":{"line":62,"column":44}},"62":{"start":{"line":63,"column":0},"end":{"line":63,"column":46}},"63":{"start":{"line":64,"column":0},"end":{"line":64,"column":29}},"64":{"start":{"line":65,"column":0},"end":{"line":65,"column":39}},"65":{"start":{"line":66,"column":0},"end":{"line":66,"column":14}},"66":{"start":{"line":67,"column":0},"end":{"line":67,"column":22}},"67":{"start":{"line":68,"column":0},"end":{"line":68,"column":70}},"68":{"start":{"line":69,"column":0},"end":{"line":69,"column":24}},"70":{"start":{"line":71,"column":0},"end":{"line":71,"column":14}},"71":{"start":{"line":72,"column":0},"end":{"line":72,"column":12}},"72":{"start":{"line":73,"column":0},"end":{"line":73,"column":13}},"73":{"start":{"line":74,"column":0},"end":{"line":74,"column":21}},"74":{"start":{"line":75,"column":0},"end":{"line":75,"column":37}},"75":{"start":{"line":76,"column":0},"end":{"line":76,"column":74}},"77":{"start":{"line":78,"column":0},"end":{"line":78,"column":65}},"78":{"start":{"line":79,"column":0},"end":{"line":79,"column":15}},"79":{"start":{"line":80,"column":0},"end":{"line":80,"column":10}},"80":{"start":{"line":81,"column":0},"end":{"line":81,"column":4}},"83":{"start":{"line":84,"column":0},"end":{"line":84,"column":47}},"84":{"start":{"line":85,"column":0},"end":{"line":85,"column":70}},"85":{"start":{"line":86,"column":0},"end":{"line":86,"column":17}},"86":{"start":{"line":87,"column":0},"end":{"line":87,"column":28}},"87":{"start":{"line":88,"column":0},"end":{"line":88,"column":29}},"88":{"start":{"line":89,"column":0},"end":{"line":89,"column":39}},"89":{"start":{"line":90,"column":0},"end":{"line":90,"column":30}},"90":{"start":{"line":91,"column":0},"end":{"line":91,"column":59}},"91":{"start":{"line":92,"column":0},"end":{"line":92,"column":35}},"92":{"start":{"line":93,"column":0},"end":{"line":93,"column":78}},"93":{"start":{"line":94,"column":0},"end":{"line":94,"column":18}},"94":{"start":{"line":95,"column":0},"end":{"line":95,"column":52}},"95":{"start":{"line":96,"column":0},"end":{"line":96,"column":10}},"96":{"start":{"line":97,"column":0},"end":{"line":97,"column":25}},"97":{"start":{"line":98,"column":0},"end":{"line":98,"column":13}},"98":{"start":{"line":99,"column":0},"end":{"line":99,"column":10}},"102":{"start":{"line":103,"column":0},"end":{"line":103,"column":25}}},"s":{"0":1,"1":1,"3":1,"4":1,"11":1,"12":1,"13":1,"16":1,"17":1,"18":1,"19":1,"20":1,"22":1,"24":1,"25":1,"26":1,"27":1,"28":1,"29":1,"30":1,"32":8,"34":117,"35":4,"37":4,"38":4,"39":4,"40":4,"41":4,"42":4,"44":4,"45":117,"47":117,"48":2,"49":2,"50":117,"52":117,"54":106,"55":2,"56":2,"57":106,"58":117,"60":8,"61":8,"62":8,"63":8,"64":8,"65":8,"66":8,"67":8,"68":8,"70":8,"71":8,"72":113,"73":113,"74":113,"75":113,"77":117,"78":16,"79":16,"80":117,"83":8,"84":8,"85":8,"86":8,"87":8,"88":8,"89":8,"90":8,"91":117,"92":117,"93":117,"94":117,"95":117,"96":117,"97":117,"98":117,"102":1},"branchMap":{"0":{"type":"branch","line":12,"loc":{"start":{"line":12,"column":44},"end":{"line":99,"column":10}},"locations":[{"start":{"line":12,"column":44},"end":{"line":99,"column":10}}]},"1":{"type":"branch","line":15,"loc":{"start":{"line":15,"column":-1},"end":{"line":20,"column":6}},"locations":[{"start":{"line":15,"column":-1},"end":{"line":20,"column":6}}]},"2":{"type":"branch","line":20,"loc":{"start":{"line":20,"column":5},"end":{"line":20,"column":6}},"locations":[{"start":{"line":20,"column":5},"end":{"line":20,"column":6}}]},"3":{"type":"branch","line":20,"loc":{"start":{"line":20,"column":5},"end":{"line":20,"column":6}},"locations":[{"start":{"line":20,"column":5},"end":{"line":20,"column":6}}]},"4":{"type":"branch","line":20,"loc":{"start":{"line":20,"column":5},"end":{"line":20,"column":6}},"locations":[{"start":{"line":20,"column":5},"end":{"line":20,"column":6}}]},"5":{"type":"branch","line":20,"loc":{"start":{"line":20,"column":5},"end":{"line":28,"column":6}},"locations":[{"start":{"line":20,"column":5},"end":{"line":28,"column":6}}]},"6":{"type":"branch","line":28,"loc":{"start":{"line":28,"column":5},"end":{"line":28,"column":6}},"locations":[{"start":{"line":28,"column":5},"end":{"line":28,"column":6}}]},"7":{"type":"branch","line":28,"loc":{"start":{"line":28,"column":5},"end":{"line":28,"column":6}},"locations":[{"start":{"line":28,"column":5},"end":{"line":28,"column":6}}]},"8":{"type":"branch","line":28,"loc":{"start":{"line":28,"column":5},"end":{"line":33,"column":5}},"locations":[{"start":{"line":28,"column":5},"end":{"line":33,"column":5}}]},"9":{"type":"branch","line":33,"loc":{"start":{"line":33,"column":3},"end":{"line":33,"column":5}},"locations":[{"start":{"line":33,"column":3},"end":{"line":33,"column":5}}]},"10":{"type":"branch","line":46,"loc":{"start":{"line":46,"column":3},"end":{"line":46,"column":4}},"locations":[{"start":{"line":46,"column":3},"end":{"line":46,"column":4}}]},"11":{"type":"branch","line":51,"loc":{"start":{"line":51,"column":3},"end":{"line":51,"column":4}},"locations":[{"start":{"line":51,"column":3},"end":{"line":51,"column":4}}]},"12":{"type":"branch","line":59,"loc":{"start":{"line":59,"column":3},"end":{"line":59,"column":4}},"locations":[{"start":{"line":59,"column":3},"end":{"line":59,"column":4}}]},"13":{"type":"branch","line":60,"loc":{"start":{"line":60,"column":-1},"end":{"line":64,"column":29}},"locations":[{"start":{"line":60,"column":-1},"end":{"line":64,"column":29}}]},"14":{"type":"branch","line":65,"loc":{"start":{"line":65,"column":-1},"end":{"line":72,"column":12}},"locations":[{"start":{"line":65,"column":-1},"end":{"line":72,"column":12}}]},"15":{"type":"branch","line":73,"loc":{"start":{"line":73,"column":-1},"end":{"line":76,"column":74}},"locations":[{"start":{"line":73,"column":-1},"end":{"line":76,"column":74}}]},"16":{"type":"branch","line":76,"loc":{"start":{"line":76,"column":37},"end":{"line":76,"column":73}},"locations":[{"start":{"line":76,"column":37},"end":{"line":76,"column":73}}]},"17":{"type":"branch","line":76,"loc":{"start":{"line":76,"column":73},"end":{"line":76,"column":74}},"locations":[{"start":{"line":76,"column":73},"end":{"line":76,"column":74}}]},"18":{"type":"branch","line":78,"loc":{"start":{"line":78,"column":64},"end":{"line":78,"column":65}},"locations":[{"start":{"line":78,"column":64},"end":{"line":78,"column":65}}]},"19":{"type":"branch","line":78,"loc":{"start":{"line":78,"column":64},"end":{"line":80,"column":10}},"locations":[{"start":{"line":78,"column":64},"end":{"line":80,"column":10}}]},"20":{"type":"branch","line":82,"loc":{"start":{"line":82,"column":-1},"end":{"line":91,"column":59}},"locations":[{"start":{"line":82,"column":-1},"end":{"line":91,"column":59}}]},"21":{"type":"branch","line":91,"loc":{"start":{"line":91,"column":58},"end":{"line":91,"column":59}},"locations":[{"start":{"line":91,"column":58},"end":{"line":91,"column":59}}]},"22":{"type":"branch","line":91,"loc":{"start":{"line":91,"column":58},"end":{"line":91,"column":59}},"locations":[{"start":{"line":91,"column":58},"end":{"line":91,"column":59}}]},"23":{"type":"branch","line":91,"loc":{"start":{"line":91,"column":58},"end":{"line":91,"column":59}},"locations":[{"start":{"line":91,"column":58},"end":{"line":91,"column":59}}]},"24":{"type":"branch","line":18,"loc":{"start":{"line":18,"column":16},"end":{"line":19,"column":55}},"locations":[{"start":{"line":18,"column":16},"end":{"line":19,"column":55}}]},"25":{"type":"branch","line":21,"loc":{"start":{"line":21,"column":15},"end":{"line":27,"column":24}},"locations":[{"start":{"line":21,"column":15},"end":{"line":27,"column":24}}]},"26":{"type":"branch","line":35,"loc":{"start":{"line":35,"column":22},"end":{"line":45,"column":43}},"locations":[{"start":{"line":35,"column":22},"end":{"line":45,"column":43}}]},"27":{"type":"branch","line":36,"loc":{"start":{"line":36,"column":63},"end":{"line":36,"column":72}},"locations":[{"start":{"line":36,"column":63},"end":{"line":36,"column":72}}]},"28":{"type":"branch","line":48,"loc":{"start":{"line":48,"column":28},"end":{"line":50,"column":18}},"locations":[{"start":{"line":48,"column":28},"end":{"line":50,"column":18}}]},"29":{"type":"branch","line":53,"loc":{"start":{"line":53,"column":24},"end":{"line":58,"column":5}},"locations":[{"start":{"line":53,"column":24},"end":{"line":58,"column":5}}]},"30":{"type":"branch","line":55,"loc":{"start":{"line":55,"column":18},"end":{"line":55,"column":53}},"locations":[{"start":{"line":55,"column":18},"end":{"line":55,"column":53}}]},"31":{"type":"branch","line":55,"loc":{"start":{"line":55,"column":31},"end":{"line":55,"column":53}},"locations":[{"start":{"line":55,"column":31},"end":{"line":55,"column":53}}]},"32":{"type":"branch","line":55,"loc":{"start":{"line":55,"column":53},"end":{"line":57,"column":20}},"locations":[{"start":{"line":55,"column":53},"end":{"line":57,"column":20}}]},"33":{"type":"branch","line":91,"loc":{"start":{"line":91,"column":20},"end":{"line":91,"column":58}},"locations":[{"start":{"line":91,"column":20},"end":{"line":91,"column":58}}]},"34":{"type":"branch","line":12,"loc":{"start":{"line":12,"column":44},"end":{"line":31,"column":54}},"locations":[{"start":{"line":12,"column":44},"end":{"line":31,"column":54}}]}},"b":{"0":[117],"1":[1],"2":[109],"3":[109],"4":[109],"5":[8],"6":[109],"7":[109],"8":[8],"9":[109],"10":[0],"11":[0],"12":[0],"13":[1],"14":[8],"15":[113],"16":[102],"17":[4],"18":[109],"19":[16],"20":[1],"21":[109],"22":[109],"23":[0],"24":[4],"25":[3],"26":[4],"27":[0],"28":[2],"29":[106],"30":[2],"31":[0],"32":[2],"33":[102],"34":[1]},"fnMap":{"0":{"name":"ReplyForm","decl":{"start":{"line":12,"column":44},"end":{"line":99,"column":10}},"loc":{"start":{"line":12,"column":44},"end":{"line":99,"column":10}},"line":12},"1":{"name":"t1","decl":{"start":{"line":18,"column":16},"end":{"line":19,"column":55}},"loc":{"start":{"line":18,"column":16},"end":{"line":19,"column":55}},"line":18},"2":{"name":"t2","decl":{"start":{"line":21,"column":15},"end":{"line":27,"column":24}},"loc":{"start":{"line":21,"column":15},"end":{"line":27,"column":24}},"line":21},"3":{"name":"t4","decl":{"start":{"line":35,"column":22},"end":{"line":45,"column":43}},"loc":{"start":{"line":35,"column":22},"end":{"line":45,"column":43}},"line":35},"4":{"name":"t5","decl":{"start":{"line":48,"column":28},"end":{"line":50,"column":18}},"loc":{"start":{"line":48,"column":28},"end":{"line":50,"column":18}},"line":48},"5":{"name":"t6","decl":{"start":{"line":53,"column":24},"end":{"line":58,"column":5}},"loc":{"start":{"line":53,"column":24},"end":{"line":58,"column":5}},"line":53},"6":{"name":"t12","decl":{"start":{"line":91,"column":20},"end":{"line":91,"column":58}},"loc":{"start":{"line":91,"column":20},"end":{"line":91,"column":58}},"line":91},"7":{"name":"_temp","decl":{"start":{"line":12,"column":44},"end":{"line":31,"column":54}},"loc":{"start":{"line":12,"column":44},"end":{"line":31,"column":54}},"line":12}},"f":{"0":117,"1":4,"2":3,"3":4,"4":2,"5":106,"6":102,"7":1}}
,"/Users/xavimajoral/Code/scopely/frontend/src/components/TicketDashboard/index.tsx": {"path":"/Users/xavimajoral/Code/scopely/frontend/src/components/TicketDashboard/index.tsx","all":false,"statementMap":{"0":{"start":{"line":1,"column":0},"end":{"line":1,"column":33}},"1":{"start":{"line":2,"column":0},"end":{"line":2,"column":65}},"2":{"start":{"line":3,"column":0},"end":{"line":3,"column":47}},"3":{"start":{"line":4,"column":0},"end":{"line":4,"column":61}},"4":{"start":{"line":5,"column":0},"end":{"line":5,"column":53}},"5":{"start":{"line":6,"column":0},"end":{"line":6,"column":57}},"6":{"start":{"line":7,"column":0},"end":{"line":7,"column":50}},"8":{"start":{"line":9,"column":0},"end":{"line":9,"column":28}},"9":{"start":{"line":10,"column":0},"end":{"line":10,"column":39}},"10":{"start":{"line":11,"column":0},"end":{"line":11,"column":80}},"11":{"start":{"line":12,"column":0},"end":{"line":12,"column":56}},"14":{"start":{"line":15,"column":0},"end":{"line":15,"column":9}},"19":{"start":{"line":20,"column":0},"end":{"line":20,"column":16}},"20":{"start":{"line":21,"column":0},"end":{"line":21,"column":36}},"21":{"start":{"line":22,"column":0},"end":{"line":22,"column":26}},"22":{"start":{"line":23,"column":0},"end":{"line":23,"column":53}},"23":{"start":{"line":24,"column":0},"end":{"line":24,"column":6}},"25":{"start":{"line":26,"column":0},"end":{"line":26,"column":31}},"27":{"start":{"line":28,"column":0},"end":{"line":28,"column":31}},"28":{"start":{"line":29,"column":0},"end":{"line":29,"column":5}},"31":{"start":{"line":32,"column":0},"end":{"line":32,"column":9}},"35":{"start":{"line":36,"column":0},"end":{"line":36,"column":16}},"36":{"start":{"line":37,"column":0},"end":{"line":37,"column":49}},"37":{"start":{"line":38,"column":0},"end":{"line":38,"column":26}},"38":{"start":{"line":39,"column":0},"end":{"line":39,"column":41}},"39":{"start":{"line":40,"column":0},"end":{"line":40,"column":62}},"40":{"start":{"line":41,"column":0},"end":{"line":41,"column":6}},"41":{"start":{"line":42,"column":0},"end":{"line":42,"column":39}},"43":{"start":{"line":44,"column":0},"end":{"line":44,"column":31}},"44":{"start":{"line":45,"column":0},"end":{"line":45,"column":5}},"46":{"start":{"line":47,"column":0},"end":{"line":47,"column":58}},"47":{"start":{"line":48,"column":0},"end":{"line":48,"column":35}},"48":{"start":{"line":49,"column":0},"end":{"line":49,"column":4}},"50":{"start":{"line":51,"column":0},"end":{"line":51,"column":37}},"52":{"start":{"line":53,"column":0},"end":{"line":53,"column":71}},"53":{"start":{"line":54,"column":0},"end":{"line":54,"column":27}},"54":{"start":{"line":55,"column":0},"end":{"line":55,"column":86}},"55":{"start":{"line"
[...]
":0,"61":0,"62":0,"65":0,"66":0,"67":0,"69":0,"70":0,"71":0,"72":0,"73":5,"74":7,"76":5,"81":5},"branchMap":{"0":{"type":"branch","line":24,"loc":{"start":{"line":24,"column":7},"end":{"line":82,"column":4}},"locations":[{"start":{"line":24,"column":7},"end":{"line":82,"column":4}}]},"1":{"type":"branch","line":24,"loc":{"start":{"line":24,"column":7},"end":{"line":25,"column":42}},"locations":[{"start":{"line":24,"column":7},"end":{"line":25,"column":42}}]},"2":{"type":"branch","line":28,"loc":{"start":{"line":28,"column":4},"end":{"line":28,"column":40}},"locations":[{"start":{"line":28,"column":4},"end":{"line":28,"column":40}}]},"3":{"type":"branch","line":29,"loc":{"start":{"line":29,"column":4},"end":{"line":29,"column":33}},"locations":[{"start":{"line":29,"column":4},"end":{"line":29,"column":33}}]},"4":{"type":"branch","line":30,"loc":{"start":{"line":30,"column":4},"end":{"line":30,"column":25}},"locations":[{"start":{"line":30,"column":4},"end":{"line":30,"column":25}}]},"5":{"type":"branch","line":31,"loc":{"start":{"line":31,"column":4},"end":{"line":31,"column":39}},"locations":[{"start":{"line":31,"column":4},"end":{"line":31,"column":39}}]},"6":{"type":"branch","line":31,"loc":{"start":{"line":31,"column":39},"end":{"line":31,"column":40}},"locations":[{"start":{"line":31,"column":39},"end":{"line":31,"column":40}}]},"7":{"type":"branch","line":31,"loc":{"start":{"line":31,"column":39},"end":{"line":37,"column":4}},"locations":[{"start":{"line":31,"column":39},"end":{"line":37,"column":4}}]},"8":{"type":"branch","line":37,"loc":{"start":{"line":37,"column":3},"end":{"line":37,"column":4}},"locations":[{"start":{"line":37,"column":3},"end":{"line":37,"column":4}}]},"9":{"type":"branch","line":42,"loc":{"start":{"line":42,"column":-1},"end":{"line":46,"column":4}},"locations":[{"start":{"line":42,"column":-1},"end":{"line":46,"column":4}}]},"10":{"type":"branch","line":46,"loc":{"start":{"line":46,"column":3},"end":{"line":46,"column":4}},"locations":[{"start":{"line":46,"column":3},"end":{"line":46,"column":4}}]},"11":{"type":"branch","line":47,"loc":{"start":{"line":47,"column":-1},"end":{"line":75,"column":62}},"locations":[{"start":{"line":47,"column":-1},"end":{"line":75,"column":62}}]},"12":{"type":"branch","line":75,"loc":{"start":{"line":75,"column":61},"end":{"line":75,"column":62}},"locations":[{"start":{"line":75,"column":61},"end":{"line":75,"column":62}}]},"13":{"type":"branch","line":75,"loc":{"start":{"line":75,"column":62},"end":{"line":75,"column":63}},"locations":[{"start":{"line":75,"column":62},"end":{"line":75,"column":63}}]},"14":{"type":"branch","line":75,"loc":{"start":{"line":75,"column":62},"end":{"line":82,"column":4}},"locations":[{"start":{"line":75,"column":62},"end":{"line":82,"column":4}}]},"15":{"type":"branch","line":82,"loc":{"start":{"line":82,"column":3},"end":{"line":82,"column":4}},"locations":[{"start":{"line":82,"column":3},"end":{"line":82,"column":4}}]},"16":{"type":"branch","line":34,"loc":{"start":{"line":34,"column":26},"end":{"line":36,"column":54}},"locations":[{"start":{"line":34,"column":26},"end":{"line":36,"column":54}}]},"17":{"type":"branch","line":36,"loc":{"start":{"line":36,"column":11},"end":{"line":36,"column":53}},"locations":[{"start":{"line":36,"column":11},"end":{"line":36,"column":53}}]},"18":{"type":"branch","line":49,"loc":{"start":{"line":49,"column":12},"end":{"line":74,"column":6}},"locations":[{"start":{"line":49,"column":12},"end":{"line":74,"column":6}}]},"19":{"type":"branch","line":50,"loc":{"start":{"line":50,"column":19},"end":{"line":73,"column":56}},"locations":[{"start":{"line":50,"column":19},"end":{"line":73,"column":56}}]}},"b":{"0":[7],"1":[5],"2":[0],"3":[0],"4":[0],"5":[0],"6":[2],"7":[5],"8":[2],"9":[1],"10":[2],"11":[1],"12":[2],"13":[2],"14":[5],"15":[2],"16":[5],"17":[0],"18":[5],"19":[0]},"fnMap":{"0":{"name":"useResizableSidebar","decl":{"start":{"line":24,"column":7},"end":{"line":82,"column":4}},"loc":{"start":{"line":24,"column":7},"end":{"line":82,"column":4}},"line":24},"1":{"name":"t6","decl":{"start":{"line":34,"column":26},"end":{"line":36,"column":54}},"loc":{"start":{"line":34,"column":26},"end":{"line":36,"column":54}},"line":34},"2":{"name":"t7","decl":{"start":{"line":43,"column":26},"end":{"line":45,"column":24}},"loc":{"start":{"line":43,"column":26},"end":{"line":45,"column":24}},"line":43},"3":{"name":"t8","decl":{"start":{"line":49,"column":12},"end":{"line":74,"column":6}},"loc":{"start":{"line":49,"column":12},"end":{"line":74,"column":6}},"line":49},"4":{"name":"handleMouseMove","decl":{"start":{"line":52,"column":28},"end":{"line":59,"column":7}},"loc":{"start":{"line":52,"column":28},"end":{"line":59,"column":7}},"line":52},"5":{"name":"handleMouseUp","decl":{"start":{"line":62,"column":26},"end":{"line":63,"column":27}},"loc":{"start":{"line":62,"column":26},"end":{"line":63,"column":27}},"line":62}},"f":{"0":7,"1":5,"2":0,"3":5,"4":0,"5":0}}
,"/Users/xavimajoral/Code/scopely/frontend/src/services/api.ts": {"path":"/Users/xavimajoral/Code/scopely/frontend/src/services/api.ts","all":false,"statementMap":{"2":{"start":{"line":3,"column":0},"end":{"line":3,"column":81}},"7":{"start":{"line":8,"column":0},"end":{"line":8,"column":18}},"8":{"start":{"line":9,"column":0},"end":{"line":9,"column":42}},"9":{"start":{"line":10,"column":0},"end":{"line":10,"column":16}},"10":{"start":{"line":11,"column":0},"end":{"line":11,"column":25}},"11":{"start":{"line":12,"column":0},"end":{"line":12,"column":17}},"12":{"start":{"line":13,"column":0},"end":{"line":13,"column":9}},"13":{"start":{"line":14,"column":0},"end":{"line":14,"column":61}},"14":{"start":{"line":15,"column":0},"end":{"line":15,"column":19}},"15":{"start":{"line":16,"column":0},"end":{"line":16,"column":18}},"16":{"start":{"line":17,"column":0},"end":{"line":17,"column":45}},"17":{"start":{"line":18,"column":0},"end":{"line":18,"column":30}},"18":{"start":{"line":19,"column":0},"end":{"line":19,"column":10}},"19":{"start":{"line":20,"column":0},"end":{"line":20,"column":9}},"21":{"start":{"line":22,"column":0},"end":{"line":22,"column":25}},"22":{"start":{"line":23,"column":0},"end":{"line":23,"column":48}},"23":{"start":{"line":24,"column":0},"end":{"line":24,"column":79}},"24":{"start":{"line":25,"column":0},"end":{"line":25,"column":7}},"26":{"start":{"line":27,"column":0},"end":{"line":27,"column":35}},"27":{"start":{"line":28,"column":0},"end":{"line":28,"column":21}},"28":{"start":{"line":29,"column":0},"end":{"line":29,"column":41}},"29":{"start":{"line":30,"column":0},"end":{"line":30,"column":18}},"30":{"start":{"line":31,"column":0},"end":{"line":31,"column":5}},"31":{"start":{"line":32,"column":0},"end":{"line":32,"column":3}},"36":{"start":{"line":37,"column":0},"end":{"line":37,"column":51}},"37":{"start":{"line":38,"column":0},"end":{"line":38,"column":61}},"38":{"start":{"line":39,"column":0},"end":{"line":39,"column":3}},"43":{"start":{"line":44,"column":0},"end":{"line":44,"column":52}},"44":{"start":{"line":45,"column":0},"end":{"line":45,"column":65}},"45":{"start":{"line":46,"column":0},"end":{"line":46,"column":3}},"50":{"start":{"line":51,"column":0},"end":{"line":51,"column":61}},"51":{"start":{"line":52,"column":0},"end":{"line":52,"column":60}},"52":{"start":{"line":53,"column":0},"end":{"line":53,"column":21}},"53":{"start":{"line":54,"column":0},"end":{"line":54,"column":32}},"54":{"start":{"line":55,"column":0},"end":{"line":55,"column":7}},"55":{"start":{"line":56,"column":0},"end":{"line":56,"column":3}},"60":{"start":{"line":61,"column":0},"end":{"line":61,"column":52}},"61":{"start":{"line":62,"column":0},"end":{"line":62,"column":74}},"62":{"start":{"line":63,"column":0},"end":{"line":63,"column":21}},"63":{"start":{"line":64,"column":0},"end":{"line":64,"column":7}},"64":{"start":{"line":65,"column":0},"end":{"line":65,"column":3}},"69":{"start":{"line":70,"column":0},"end":{"line":70,"column":73}},"70":{"start":{"line":71,"column":0},"end":{"line":71,"column":79}},"71":{"start":{"line":72,"column":0},"end":{"line":72,"column":21}},"72":{"start":{"line":73,"column":0},"end":{"line":73,"column":32}},"73":{"start":{"line":74,"column":0},"end":{"line":74,"column":7}},"74":{"start":{"line":75,"column":0},"end":{"line":75,"column":3}},"75":{"start":{"line":76,"column":0},"end":{"line":76,"column":1}},"77":{"start":{"line":78,"column":0},"end":{"line":78,"column":43}}},"s":{"2":1,"7":1,"8":1,"9":14,"10":14,"11":14,"12":14,"13":14,"14":14,"15":14,"16":14,"17":14,"18":14,"19":14,"21":14,"22":2,"23":2,"24":2,"26":12,"27":14,"28":2,"29":2,"30":2,"31":14,"36":1,"37":8,"38":8,"43":1,"44":1,"45":1,"50":1,"51":1,"52":1,"53":1,"54":1,"55":1,"60":1,"61":0,"62":0,"63":0,"64":0,"69":1,"70":4,"71":4,"72":4,"73":4,"74":4,"75":1,"77":1},"branchMap":{"0":{"type":"branch","line":9,"loc":{"start":{"line":9,"column":2},"end":{"line":32,"column":3}},"locations":[{"start":{"line":9,"column":2},"end":{"line":32,"column":3}}]},"1":{"type":"branch","line":18,"loc":{"start":{"line":18,"column":13},"end":{"line":18,"column":30}},"locations":[{"start":{"line":18,"column":13},"end":{"line":18,"column":30}}]},"2":{"type":"branch","line":22,"loc":{"start":{"line":22,"column":24},"end":{"line":25,"column":7}},"locations":[{"start":{"line":22,"column":24},"end":{"line":25,"column":7}}]},"3":{"type":"branch","line":24,"loc":{"start":{"line":24,"column":24},"end":{"line":24,"column":77}},"locations":[{"start":{"line":24,"column":24},"end":{"line":24,"column":77}}]},"4":{"type":"branch","line":25,"loc":{"start":{"line":25,"column":6},"end":{"line":28,"column":13}},"locations":[{"start":{"line":25,"column":6},"end":{"line":28,"column":13}}]},"5":{"type":"branch","line":28,"loc":{"start":{"line":28,"column":4},"end":{"line":31,"column":5}},"locations":[{"start":{"line":28,"column":4},"end":{"line":31,"column":5}}]},"6":{"type":"branch","line":37,"loc":{"start":{"line":37,"column":2},"end":{"line":39,"column":3}},"locations":[{"start":{"line":37,"column":2},"end":{"line":39,"column":3}}]},"7":{"type":"branch","line":44,"loc":{"start":{"line":44,"column":2},"end":{"line":46,"column":3}},"locations":[{"start":{"line":44,"column":2},"end":{"line":46,"column":3}}]},"8":{"type":"branch","line":51,"loc":{"start":{"line":51,"column":2},"end":{"line":56,"column":3}},"locations":[{"start":{"line":51,"column":2},"end":{"line":56,"column":3}}]},"9":{"type":"branch","line":70,"loc":{"start":{"line":70,"column":2},"end":{"line":75,"column":3}},"locations":[{"start":{"line":70,"column":2},"end":{"line":75,"column":3}}]}},"b":{"0":[14],"1":[5],"2":[2],"3":[0],"4":[12],"5":[2],"6":[8],"7":[1],"8":[1],"9":[4]},"fnMap":{"0":{"name":"fetchWithErrorHandling","decl":{"start":{"line":9,"column":2},"end":{"line":32,"column":3}},"loc":{"start":{"line":9,"column":2},"end":{"line":32,"column":3}},"line":9},"1":{"name":"getUnresolvedTickets","decl":{"start":{"line":37,"column":2},"end":{"line":39,"column":3}},"loc":{"start":{"line":37,"column":2},"end":{"line":39,"column":3}},"line":37},"2":{"name":"getTicketById","decl":{"start":{"line":44,"column":2},"end":{"line":46,"column":3}},"loc":{"start":{"line":44,"column":2},"end":{"line":46,"column":3}},"line":44},"3":{"name":"createTicket","decl":{"start":{"line":51,"column":2},"end":{"line":56,"column":3}},"loc":{"start":{"line":51,"column":2},"end":{"line":56,"column":3}},"line":51},"4":{"name":"resolveTicket","decl":{"start":{"line":61,"column":2},"end":{"line":65,"column":3}},"loc":{"start":{"line":61,"column":2},"end":{"line":65,"column":3}},"line":61},"5":{"name":"addReply","decl":{"start":{"line":70,"column":2},"end":{"line":75,"column":3}},"loc":{"start":{"line":70,"column":2},"end":{"line":75,"column":3}},"line":70}},"f":{"0":14,"1":8,"2":1,"3":1,"4":0,"5":4}}
,"/Users/xavimajoral/Code/scopely/frontend/src/test/mocks/handlers.ts": {"path":"/Users/xavimajoral/Code/scopely/frontend/src/test/mocks/handlers.ts","all":false,"statementMap":{"0":{"start":{"line":1,"column":0},"end":{"line":1,"column":41}},"4":{"start":{"line":5,"column":0},"end":{"line":5,"column":49}},"7":{"start":{"line":8,"column":0},"end":{"line":8,"column":38}},"8":{"start":{"line":9,"column":0},"end":{"line":9,"column":3}},"9":{"start":{"line":10,"column":0},"end":{"line":10,"column":10}},"10":{"start":{"line":11,"column":0},"end":{"line":11,"column":29}},"11":{"start":{"line":12,"column":0},"end":{"line":12,"column":33}},"12":{"start":{"line":13,"column":0},"end":{"line":13,"column":22}},"13":{"start":{"line":14,"column":0},"end":{"line":14,"column":22}},"14":{"start":{"line":15,"column":0},"end":{"line":15,"column":30}},"15":{"start":{"line":16,"column":0},"end":{"line":16,"column":40}},"16":{"start":{"line":17,"column":0},"end":{"line":17,"column":40}},"17":{"start":{"line":18,"column":0},"end":{"line":18,"column":16}},"18":{"start":{"line":19,"column":0},"end":{"line":19,"column":4}},"19":{"start":{"line":20,"column":0},"end":{"line":20,"column":3}},"20":{"start":{"line":21,"column":0},"end":{"line":21,"column":10}},"21":{"start":{"line":22,"column":0},"end":{"line":22,"column":29}},"22":{"start":{"line":23,"column":0},"end":{"line":23,"column":33}},"23":{"start":{"line":24,"column":0},"end":{"line":24,"column":22}},"24":{"start":{"line":25,"column":0},"end":{"line":25,"column":22}},"25":{"start":{"line":26,"column":0},"end":{"line":26,"column":38}},"26":{"start":{"line":27,"column":0},"end":{"line":27,"column":40}},"27":{"start":{"line":28,"column":0},"end":{"line":28,"column":40}},"28":{"start":{"line":29,"column":0},"end":{"line":29,"column":16}},"29":{"start":{"line":30,"column":0},"end":{"line":30,"column":4}},"32":{"start":{"line":33,"column":0},"end":{"line":33,"column":41}},"33":{"start":{"line":34,"column":0},"end":{"line":34,"column":8}},"34":{"start":{"line":35,"column":0},"end":{"line":35,"column":27}},"35":{"start":{"line":36,"column":0},"end":{"line":36,"column":31}},"36":{"start":{"line":37,"column":0},"end":{"line":37,"column":20}},"37":{"start":{"line":38,"column":0},"end":{"line":38,"column":20}},"38":{"start":{"line":39,"column":0},"end":{"line":39,"column":28}},"39":{"start":{"line":40,"column":0},"end":{"line":40,"column":38}},"40":{"start":{"line":41,"column":0},"end":{"line":41,"column":38}},"41":{"start":{"line":42,"column":0},"end":{"line":42,"column":12}},"42":{"start":{"line":43,"column":0},"end":{"line":43,"column":5}},"43":{"start":{"line":44,"column":0},"end":{"line":44,"column":12}},"44":{"start":{"line":45,"column":0},"end":{"line":45,"column":18}},"45":{"start":{"line":46,"column":0},"end":{"line":46,"column":29}},"46":{"start":{"line":47,"column":0},"end":{"line":47,"column":27}},"47":{"start":{"line":48,"column":0},"end":{"line":48,"column":25}},"48":{"start":{"line":49,"column":0},"end":{"line":49,"column":24}},"49":{"start":{"line":50,"column":0},"end":{"line":50,"column":42}},"50":{"start":{"line":51,"column":0},"end":{"line":51,"column":6}},"52":{"start":{"line":53,"column":0},"end":{"line":53,"column":2}},"55":{"start":{"line":56,"column":0},"end":{"line":56,"column":25}},"57":{"start":{"line":58,"column":0},"end":{"line":58,"column":45}},"58":{"start":{"line":59,"column":0},"end":{"line":59,"column":42}},"59":{"start":{"line":60,"column":0},"end":{"line":60,"column":5}},"62":{"start":{"line":63,"column":0},"end":{"line":63,"column":59}},"63":{"start":{"line":64,"column":0},"end":{"line":64,"column":26}},"64":{"start":{"line":65,"column":0},"end":{"line":65,"column":21}},"65":{"start":{"line":66,"column":0},"end":{"line":66,"column":49}},"66":{"start":{"line":67,"column":0},"end":{"line":67,"column":5}},"67":{"start":{"line":68,"column":0},"end":{"line":68,"column":70}},"68":{"start":{"line":69,"column":0},"end":{"line":69,"column":5}},"71":{"start":{"line":72,"column":0},"end":{"line":72,"column":63}},"72":{"start":{"line":73,"column":0},"end":{"line":73,"column":59}},"73":{"start":{"line":74,"column":0},"end":{"line":74,"column":31}},"74":{"start":{"line":75,"column":0},"end":{"line":75,"column":21}},"75":{"start":{"line":76,"column":0},"end":{"line":76,"column":28}},"76":{"start":{"line":77,"column":0},"end":{"line":77,"column":36}},"77":{"start":{"line":78,"column":0},"end":{"line":78,"column":30}},"78":{"start":{"line":79,"column":0},"end":{"line":79,"column":26}},"79":{"start":{"line":80,"column":0},"end":{"line":80,"column":32}},"80":{"start":{"line":81,"column":0},"end":{"line":81,"column":42}},"81":{"start":{"line":82,"column":0},"end":{"line":82,"column":42}},"82":{"start":{"line":83,"column":0},"end":{"line":83,"column":18}},"83":{"start":{"line":84,"column":0},"end":{"line":84,"column":6}},"84":{"start":{"line":85,"column":0},"end":{"line":85,"column":57}},"85":{"start":{"line":86,"column":0},"end":{"line":86,"column":5}},"88":{"start":{"line":89,"column":0},"end":{"line":89,"column":68}},"89":{"start":{"line":90,"column":0},"end":{"line":90,"column":26}},"90":{"start":{"line":91,"column":0},"end":{"line":91,"column":36}},"91":{"start":{"line":92,"column":0},"end":{"line":92,"column":26}},"92":{"start":{"line":93,"column":0},"end":{"line":93,"column":21}},"93":{"start":{"line":94,"column":0},"end":{"line":94,"column":36}},"94":{"start":{"line":95,"column":0},"end":{"line":95,"column":6}},"95":{"start":{"line":96,"column":0},"end":{"line":96,"column":45}},"96":{"start":{"line":97,"column":0},"end":{"line":97,"column":5}},"99":{"start":{"line":100,"column":0},"end":{"line":100,"column":83}},"100":{"start":{"line":101,"column":0},"end":{"line":101,"column":26}},"101":{"start":{"line":102,"column":0},"end":{"line":102,"column":58}},"102":{"start":{"line":103,"column":0},"end":{"line":103,"column":29}},"103":{"start":{"line":104,"column":0},"end":{"line":104,"column":21}},"104":{"start":{"line":105,"column":0},"end":{"line":105,"column":27}},"105":{"start":{"line":106,"column":0},"end":{"line":106,"column":28}},"106":{"start":{"line":107,"column":0},"end":{"line":107,"column":30}},"107":{"start":{"line":108,"column":0},"end":{"line":108,"column":26}},"108":{"start":{"line":109,"column":0},"end":{"line":109,"column":36}},"109":{"start":{"line":110,"column":0},"end":{"line":110,"column":42}},"110":{"start":{"line":111,"column":0},"end":{"line":111,"column":6}},"111":{"start":{"line":112,"column":0},"end":{"line":112,"column":56}},"112":{"start":{"line":113,"column":0},"end":{"line":113,"column":5}}},"s":{"0":1,"4":1,"7":1,"8":1,"9":1,"10":1,"11":1,"12":1,"13":1,"14":1,"15":1,"16":1,"17":1,"18":1,"19":1,"20":1,"21":1,"22":1,"23":1,"24":1,"25":1,"26":1,"27":1,"28":1,"29":1,"32":1,"33":1,"34":1,"35":1,"36":1,"37":1,"38":1,"39":1,"40":1,"41":1,"42":1,"43":1,"44":1,"45":1,"46":1,"47":1,"48":1,"49":1,"50":1,"52":1,"55":1,"57":1,"58":4,"59":1,"62":1,"63":1,"64":1,"65":1,"66":1,"67":0,"68":1,"71":1,"72":0,"73":0,"74":0,"75":0,"76":0,"77":0,"78":0,"79":0,"80":0,"81":0,"82":0,"83":0,"84":0,"85":1,"88":1,"89":0,"90":0,"91":0,"92":0,"93":0,"94":0,"95":0,"96":1,"99":1,"100":0,"101":0,"102":0,"103":0,"104":0,"105":0,"106":0,"107":0,"108":0,"109":0,"110":0,"111":0,"112":1},"branchMap":{"0":{"type":"branch","line":58,"loc":{"start":{"line":58,"column":38},"end":{"line":60,"column":3}},"locations":[{"start":{"line":58,"column":38},"end":{"line":60,"column":3}}]},"1":{"type":"branch","line":63,"loc":{"start":{"line":63,"column":42},"end":{"line":69,"column":3}},"locations":[{"start":{"line":63,"column":42},"end":{"line":69,"column":3}}]},"2":{"type":"branch","line":67,"loc":{"start":{"line":67,"column":4},"end":{"line":68,"column":70}},"locations":[{"start":{"line":67,"column":4},"end":{"line":68,"column":70}}]}},"b":{"0":[4],"1":[1],"2":[0]},"fnMap":{},"f":{}}
,"/Users/xavimajoral/Code/scopely/frontend/src/test/mocks/server.ts": {"path":"/Users/xavimajoral/Code/scopely/frontend/src/test/mocks/server.ts","all":false,"statementMap":{"0":{"start":{"line":1,"column":0},"end":{"line":1,"column":39}},"4":{"start":{"line":5,"column":0},"end":{"line":5,"column":47}}},"s":{"0":1,"4":1},"branchMap":{},"b":{},"fnMap":{},"f":{}}
}
